\BOOKMARK [0][]{chapter*.1}{\376\377\000D\000e\000c\000l\000a\000r\000a\000t\000i\000o\000n}{}% 1
\BOOKMARK [0][]{chapter*.2}{\376\377\000A\000b\000s\000t\000r\000a\000c\000t}{}% 2
\BOOKMARK [0][]{chapter*.3}{\376\377\000A\000c\000k\000n\000o\000w\000l\000e\000d\000g\000m\000e\000n\000t\000s}{}% 3
\BOOKMARK [0][]{toc.0}{\376\377\000T\000a\000b\000l\000e\000\040\000o\000f\000\040\000C\000o\000n\000t\000e\000n\000t\000s}{}% 4
\BOOKMARK [0][]{chapter*.5}{\376\377\000L\000i\000s\000t\000\040\000o\000f\000\040\000T\000a\000b\000l\000e\000s}{}% 5
\BOOKMARK [0][]{chapter*.6}{\376\377\000L\000i\000s\000t\000\040\000o\000f\000\040\000F\000i\000g\000u\000r\000e\000s}{}% 6
\BOOKMARK [0][]{chapter*.7}{\376\377\000L\000i\000s\000t\000\040\000o\000f\000\040\000A\000c\000r\000o\000n\000y\000m\000s\000\040\000a\000n\000d\000\040\000A\000b\000b\000r\000e\000v\000i\000a\000t\000i\000o\000n\000s}{}% 7
\BOOKMARK [0][]{chapter.1}{\376\377\0001\000\040\000I\000n\000t\000r\000o\000d\000u\000c\000t\000i\000o\000n}{}% 8
\BOOKMARK [1][-]{section.1.1}{\376\377\0001\000.\0001\000\040\000O\000v\000e\000r\000v\000i\000e\000w}{chapter.1}% 9
\BOOKMARK [1][-]{section.1.2}{\376\377\0001\000.\0002\000\040\000P\000r\000o\000j\000e\000c\000t\000\040\000M\000o\000t\000i\000v\000a\000t\000i\000o\000n}{chapter.1}% 10
\BOOKMARK [2][-]{subsection.1.2.1}{\376\377\0001\000.\0002\000.\0001\000\040\000S\000p\000a\000t\000i\000a\000l\000\040\000P\000a\000r\000a\000l\000l\000e\000l\000i\000s\000m\000\040\000a\000n\000d\000\040\000T\000e\000m\000p\000o\000r\000a\000l\000\040\000E\000f\000f\000i\000c\000i\000e\000n\000c\000y}{section.1.2}% 11
\BOOKMARK [2][-]{subsection.1.2.2}{\376\377\0001\000.\0002\000.\0002\000\040\000S\000c\000a\000l\000a\000b\000i\000l\000i\000t\000y\000\040\000a\000n\000d\000\040\000M\000o\000d\000u\000l\000a\000r\000\040\000D\000e\000p\000l\000o\000y\000m\000e\000n\000t}{section.1.2}% 12
\BOOKMARK [2][-]{subsection.1.2.3}{\376\377\0001\000.\0002\000.\0003\000\040\000D\000e\000c\000e\000n\000t\000r\000a\000l\000i\000z\000e\000d\000\040\000I\000n\000t\000e\000l\000l\000i\000g\000e\000n\000c\000e\000\040\000a\000n\000d\000\040\000R\000e\000d\000u\000c\000e\000d\000\040\000C\000o\000m\000m\000u\000n\000i\000c\000a\000t\000i\000o\000n\000\040\000O\000v\000e\000r\000h\000e\000a\000d}{section.1.2}% 13
\BOOKMARK [1][-]{section.1.3}{\376\377\0001\000.\0003\000\040\000P\000r\000o\000b\000l\000e\000m\000\040\000S\000t\000a\000t\000e\000m\000e\000n\000t}{chapter.1}% 14
\BOOKMARK [1][-]{section.1.4}{\376\377\0001\000.\0004\000\040\000P\000r\000o\000j\000e\000c\000t\000\040\000O\000b\000j\000e\000c\000t\000i\000v\000e\000s}{chapter.1}% 15
\BOOKMARK [1][-]{section.1.5}{\376\377\0001\000.\0005\000\040\000T\000h\000e\000s\000i\000s\000\040\000S\000t\000r\000u\000c\000t\000u\000r\000e}{chapter.1}% 16
\BOOKMARK [0][]{chapter.2}{\376\377\0002\000\040\000L\000i\000t\000e\000r\000a\000t\000u\000r\000e\000\040\000R\000e\000v\000i\000e\000w}{}% 17
\BOOKMARK [1][-]{section.2.1}{\376\377\0002\000.\0001\000\040\000E\000v\000o\000l\000u\000t\000i\000o\000n\000\040\000o\000f\000\040\000M\000a\000t\000e\000r\000i\000a\000l\000\040\000H\000a\000n\000d\000l\000i\000n\000g\000:\000\040\000F\000r\000o\000m\000\040\000A\000G\000V\000s\000\040\000t\000o\000\040\000A\000M\000R\000s}{chapter.2}% 18
\BOOKMARK [2][-]{subsection.2.1.1}{\376\377\0002\000.\0001\000.\0001\000\040\000T\000h\000e\000\040\000L\000i\000m\000i\000t\000a\000t\000i\000o\000n\000s\000\040\000o\000f\000\040\000A\000G\000V\000s}{section.2.1}% 19
\BOOKMARK [2][-]{subsection.2.1.2}{\376\377\0002\000.\0001\000.\0002\000\040\000T\000h\000e\000\040\000S\000u\000p\000e\000r\000i\000o\000r\000i\000t\000y\000\040\000o\000f\000\040\000A\000M\000R\000s}{section.2.1}% 20
\BOOKMARK [1][-]{section.2.2}{\376\377\0002\000.\0002\000\040\000E\000x\000i\000s\000t\000i\000n\000g\000\040\000S\000w\000a\000r\000m\000\040\000A\000r\000c\000h\000i\000t\000e\000c\000t\000u\000r\000e\000s}{chapter.2}% 21
\BOOKMARK [2][-]{subsection.2.2.1}{\376\377\0002\000.\0002\000.\0001\000\040\000K\000i\000l\000o\000b\000o\000t}{section.2.2}% 22
\BOOKMARK [2][-]{subsection.2.2.2}{\376\377\0002\000.\0002\000.\0002\000\040\000e\000-\000p\000u\000c\000k}{section.2.2}% 23
\BOOKMARK [2][-]{subsection.2.2.3}{\376\377\0002\000.\0002\000.\0003\000\040\000I\000n\000d\000u\000s\000t\000r\000i\000a\000l\000\040\000S\000o\000l\000u\000t\000i\000o\000n\000s}{section.2.2}% 24
\BOOKMARK [1][-]{section.2.3}{\376\377\0002\000.\0003\000\040\000M\000e\000c\000h\000a\000n\000i\000c\000a\000l\000\040\000D\000e\000s\000i\000g\000n\000\040\000P\000r\000e\000c\000e\000d\000e\000n\000t\000s}{chapter.2}% 25
\BOOKMARK [2][-]{subsection.2.3.1}{\376\377\0002\000.\0003\000.\0001\000\040\000C\000h\000a\000s\000s\000i\000s\000\040\000D\000e\000s\000i\000g\000n\000\040\000A\000p\000p\000r\000o\000a\000c\000h\000e\000s}{section.2.3}% 26
\BOOKMARK [2][-]{subsection.2.3.2}{\376\377\0002\000.\0003\000.\0002\000\040\000M\000a\000t\000e\000r\000i\000a\000l\000\040\000S\000e\000l\000e\000c\000t\000i\000o\000n\000\040\000S\000t\000u\000d\000i\000e\000s}{section.2.3}% 27
\BOOKMARK [1][-]{section.2.4}{\376\377\0002\000.\0004\000\040\000C\000o\000n\000t\000r\000o\000l\000\040\000S\000t\000r\000a\000t\000e\000g\000i\000e\000s}{chapter.2}% 28
\BOOKMARK [2][-]{subsection.2.4.1}{\376\377\0002\000.\0004\000.\0001\000\040\000C\000e\000n\000t\000r\000a\000l\000i\000z\000e\000d\000\040\000v\000s\000.\000\040\000D\000e\000c\000e\000n\000t\000r\000a\000l\000i\000z\000e\000d\000\040\000A\000p\000p\000r\000o\000a\000c\000h\000e\000s}{section.2.4}% 29
\BOOKMARK [2][-]{subsection.2.4.2}{\376\377\0002\000.\0004\000.\0002\000\040\000N\000a\000v\000i\000g\000a\000t\000i\000o\000n\000\040\000a\000n\000d\000\040\000P\000a\000t\000h\000\040\000P\000l\000a\000n\000n\000i\000n\000g}{section.2.4}% 30
\BOOKMARK [1][-]{section.2.5}{\376\377\0002\000.\0005\000\040\000D\000e\000s\000i\000g\000n\000\040\000F\000r\000a\000m\000e\000w\000o\000r\000k\000s\000\040\000i\000n\000\040\000S\000w\000a\000r\000m\000\040\000R\000o\000b\000o\000t\000i\000c\000s}{chapter.2}% 31
\BOOKMARK [2][-]{subsection.2.5.1}{\376\377\0002\000.\0005\000.\0001\000\040\000T\000h\000e\000\040\000P\000u\000z\000z\000l\000e\000:\000\040\000U\000n\000d\000e\000r\000s\000t\000a\000n\000d\000i\000n\000g\000\040\000S\000e\000l\000f\000-\000O\000r\000g\000a\000n\000i\000z\000a\000t\000i\000o\000n}{section.2.5}% 32
\BOOKMARK [2][-]{subsection.2.5.2}{\376\377\0002\000.\0005\000.\0002\000\040\000T\000h\000e\000\040\000P\000r\000o\000b\000l\000e\000m\000:\000\040\000T\000a\000s\000k\000-\000O\000r\000i\000e\000n\000t\000e\000d\000\040\000D\000e\000s\000i\000g\000n\000\040\000w\000i\000t\000h\000\040\000T\000r\000a\000d\000e\000-\000o\000f\000f\000s}{section.2.5}% 33
\BOOKMARK [2][-]{subsection.2.5.3}{\376\377\0002\000.\0005\000.\0003\000\040\000T\000h\000e\000\040\000M\000e\000s\000s\000:\000\040\000R\000e\000a\000l\000-\000W\000o\000r\000l\000d\000\040\000D\000e\000p\000l\000o\000y\000m\000e\000n\000t\000\040\000C\000o\000m\000p\000l\000e\000x\000i\000t\000y}{section.2.5}% 34
\BOOKMARK [2][-]{subsection.2.5.4}{\376\377\0002\000.\0005\000.\0004\000\040\000S\000t\000i\000g\000m\000e\000r\000g\000y\000\040\000a\000s\000\040\000a\000n\000\040\000I\000n\000t\000e\000r\000f\000a\000c\000e\000\040\000M\000e\000c\000h\000a\000n\000i\000s\000m}{section.2.5}% 35
\BOOKMARK [2][-]{subsection.2.5.5}{\376\377\0002\000.\0005\000.\0005\000\040\000A\000U\000S\000R\000A\000'\000s\000\040\000P\000o\000s\000i\000t\000i\000o\000n\000\040\000i\000n\000\040\000t\000h\000e\000\040\000F\000r\000a\000m\000e\000w\000o\000r\000k}{section.2.5}% 36
\BOOKMARK [1][-]{section.2.6}{\376\377\0002\000.\0006\000\040\000M\000u\000l\000t\000i\000-\000R\000o\000b\000o\000t\000\040\000E\000x\000p\000l\000o\000r\000a\000t\000i\000o\000n\000\040\000a\000n\000d\000\040\000M\000a\000p\000p\000i\000n\000g}{chapter.2}% 37
\BOOKMARK [2][-]{subsection.2.6.1}{\376\377\0002\000.\0006\000.\0001\000\040\000C\000o\000l\000l\000a\000b\000o\000r\000a\000t\000i\000v\000e\000\040\000M\000a\000p\000p\000i\000n\000g\000\040\000A\000p\000p\000r\000o\000a\000c\000h\000e\000s}{section.2.6}% 38
\BOOKMARK [2][-]{subsection.2.6.2}{\376\377\0002\000.\0006\000.\0002\000\040\000P\000o\000s\000e\000\040\000G\000r\000a\000p\000h\000\040\000O\000p\000t\000i\000m\000i\000z\000a\000t\000i\000o\000n}{section.2.6}% 39
\BOOKMARK [1][-]{section.2.7}{\376\377\0002\000.\0007\000\040\000T\000a\000s\000k\000\040\000A\000l\000l\000o\000c\000a\000t\000i\000o\000n\000\040\000i\000n\000\040\000S\000w\000a\000r\000m\000s}{chapter.2}% 40
\BOOKMARK [1][-]{section.2.8}{\376\377\0002\000.\0008\000\040\000S\000u\000m\000m\000a\000r\000y}{chapter.2}% 41
\BOOKMARK [0][]{chapter.3}{\376\377\0003\000\040\000H\000a\000r\000d\000w\000a\000r\000e\000\040\000S\000e\000l\000e\000c\000t\000i\000o\000n\000\040\000\046\000\040\000M\000e\000c\000h\000a\000n\000i\000c\000a\000l\000\040\000D\000e\000s\000i\000g\000n\000\040\000o\000f\000\040\000A\000u\000s\000r\000a\000b\000o\000t}{}% 42
\BOOKMARK [1][-]{section.3.1}{\376\377\0003\000.\0001\000\040\000I\000n\000t\000r\000o\000d\000u\000c\000t\000i\000o\000n\000\040\000t\000o\000\040\000t\000h\000e\000\040\000H\000a\000r\000d\000w\000a\000r\000e\000\040\000A\000r\000c\000h\000i\000t\000e\000c\000t\000u\000r\000e}{chapter.3}% 43
\BOOKMARK [2][-]{subsection.3.1.1}{\376\377\0003\000.\0001\000.\0001\000\040\000D\000e\000s\000i\000g\000n\000\040\000R\000e\000q\000u\000i\000r\000e\000m\000e\000n\000t\000s\000\040\000a\000n\000d\000\040\000C\000o\000n\000s\000t\000r\000a\000i\000n\000t\000s}{section.3.1}% 44
\BOOKMARK [3][-]{subsubsection.3.1.1.1}{\376\377\0003\000.\0001\000.\0001\000.\0001\000\040\000M\000a\000x\000i\000m\000u\000m\000\040\000W\000e\000i\000g\000h\000t\000\040\000o\000f\000\040\000T\000h\000e\000\040\000R\000o\000b\000o\000t}{subsection.3.1.1}% 45
\BOOKMARK [3][-]{subsubsection.3.1.1.2}{\376\377\0003\000.\0001\000.\0001\000.\0002\000\040\000M\000i\000n\000i\000m\000u\000m\000\040\000V\000e\000l\000o\000c\000i\000t\000y\000\040\000o\000f\000\040\000t\000h\000e\000\040\000R\000o\000b\000o\000t}{subsection.3.1.1}% 46
\BOOKMARK [3][-]{subsubsection.3.1.1.3}{\376\377\0003\000.\0001\000.\0001\000.\0003\000\040\000S\000p\000a\000t\000i\000a\000l\000\040\000C\000o\000n\000s\000t\000r\000a\000i\000n\000t\000s\000\040\000\050\000C\000o\000m\000p\000a\000c\000t\000n\000e\000s\000s\000\051}{subsection.3.1.1}% 47
\BOOKMARK [3][-]{subsubsection.3.1.1.4}{\376\377\0003\000.\0001\000.\0001\000.\0004\000\040\000M\000o\000d\000u\000l\000a\000r\000i\000t\000y\000\040\000a\000n\000d\000\040\000S\000e\000r\000v\000i\000c\000e\000a\000b\000i\000l\000i\000t\000y}{subsection.3.1.1}% 48
\BOOKMARK [2][-]{subsection.3.1.2}{\376\377\0003\000.\0001\000.\0002\000\040\000F\000u\000n\000c\000t\000i\000o\000n\000a\000l\000\040\000L\000a\000y\000e\000r\000\040\000D\000e\000c\000o\000m\000p\000o\000s\000i\000t\000i\000o\000n}{section.3.1}% 49
\BOOKMARK [1][-]{section.3.2}{\376\377\0003\000.\0002\000\040\000R\000o\000b\000o\000t\000'\000s\000\040\000H\000a\000r\000d\000w\000a\000r\000e\000\040\000S\000e\000l\000e\000c\000t\000i\000o\000n}{chapter.3}% 50
\BOOKMARK [2][-]{subsection.3.2.1}{\376\377\0003\000.\0002\000.\0001\000\040\000L\000o\000c\000o\000m\000o\000t\000i\000o\000n\000\040\000\046\000\040\000A\000c\000t\000u\000a\000t\000i\000o\000n\000\040\000G\000r\000o\000u\000p}{section.3.2}% 51
\BOOKMARK [3][-]{subsubsection.3.2.1.1}{\376\377\0003\000.\0002\000.\0001\000.\0001\000\040\000L\000o\000c\000o\000m\000o\000t\000i\000o\000n\000\040\000S\000y\000s\000t\000e\000m\000\040\000\050\000R\000o\000b\000o\000t\000'\000s\000\040\000w\000h\000e\000e\000l\000\040\000s\000e\000l\000e\000c\000t\000i\000o\000n\000\051}{subsection.3.2.1}% 52
\BOOKMARK [3][-]{subsubsection.3.2.1.2}{\376\377\0003\000.\0002\000.\0001\000.\0002\000\040\000C\000h\000a\000s\000s\000i\000s\000\040\000G\000e\000o\000m\000e\000t\000r\000y\000\040\000\046\000\040\000C\000o\000n\000f\000i\000g\000u\000r\000a\000t\000i\000o\000n}{subsection.3.2.1}% 53
\BOOKMARK [3][-]{subsubsection.3.2.1.3}{\376\377\0003\000.\0002\000.\0001\000.\0003\000\040\000M\000a\000t\000e\000r\000i\000a\000l\000\040\000S\000e\000l\000e\000c\000t\000i\000o\000n\000\040\000o\000f\000\040\000R\000o\000b\000o\000t\000\040\000P\000l\000a\000t\000e}{subsection.3.2.1}% 54
\BOOKMARK [3][-]{subsubsection.3.2.1.4}{\376\377\0003\000.\0002\000.\0001\000.\0004\000\040\000E\000v\000a\000l\000u\000a\000t\000i\000o\000n\000\040\000o\000f\000\040\000M\000a\000t\000e\000r\000i\000a\000l\000s}{subsection.3.2.1}% 55
\BOOKMARK [3][-]{subsubsection.3.2.1.5}{\376\377\0003\000.\0002\000.\0001\000.\0005\000\040\000A\000c\000t\000u\000a\000t\000o\000r\000\040\000S\000i\000z\000i\000n\000g\000\040\000a\000n\000d\000\040\000M\000o\000t\000o\000r\000\040\000S\000e\000l\000e\000c\000t\000i\000o\000n}{subsection.3.2.1}% 56
\BOOKMARK [1][-]{section.3.3}{\376\377\0003\000.\0003\000\040\000D\000e\000t\000a\000i\000l\000e\000d\000\040\000C\000A\000D\000\040\000D\000e\000s\000i\000g\000n}{chapter.3}% 57
\BOOKMARK [2][-]{subsection.3.3.1}{\376\377\0003\000.\0003\000.\0001\000\040\000C\000A\000D\000\040\000M\000o\000d\000e\000l\000i\000n\000g\000\040\000\046\000\040\000G\000e\000o\000m\000e\000t\000r\000y}{section.3.3}% 58
\BOOKMARK [3][-]{subsubsection.3.3.1.1}{\376\377\0003\000.\0003\000.\0001\000.\0001\000\040\000L\000a\000y\000e\000r\000\040\0001\000:\000\040\000T\000h\000e\000\040\000L\000o\000c\000o\000m\000o\000t\000i\000o\000n\000\040\000\046\000\040\000P\000o\000w\000e\000r\000\040\000D\000r\000i\000v\000e\000\040\000B\000a\000s\000e\000\040\000P\000l\000a\000t\000e}{subsection.3.3.1}% 59
\BOOKMARK [3][-]{subsubsection.3.3.1.2}{\376\377\0003\000.\0003\000.\0001\000.\0002\000\040\000L\000a\000y\000e\000r\000\040\0002\000:\000\040\000E\000n\000e\000r\000g\000y\000\040\000S\000t\000o\000r\000a\000g\000e\000\040\000\046\000\040\000S\000i\000g\000n\000a\000l\000\040\000P\000r\000o\000c\000e\000s\000s\000i\000n\000g}{subsection.3.3.1}% 60
\BOOKMARK [3][-]{subsubsection.3.3.1.3}{\376\377\0003\000.\0003\000.\0001\000.\0003\000\040\000L\000a\000y\000e\000r\000\040\0003\000:\000\040\000P\000e\000r\000c\000e\000p\000t\000i\000o\000n\000\040\000\046\000\040\000H\000i\000g\000h\000-\000L\000e\000v\000e\000l\000\040\000I\000n\000t\000e\000l\000l\000i\000g\000e\000n\000c\000e}{subsection.3.3.1}% 61
\BOOKMARK [3][-]{subsubsection.3.3.1.4}{\376\377\0003\000.\0003\000.\0001\000.\0004\000\040\000P\000r\000o\000t\000e\000c\000t\000i\000v\000e\000\040\000E\000n\000c\000l\000o\000s\000u\000r\000e\000\040\000\050\000T\000h\000e\000\040\000O\000u\000t\000e\000r\000\040\000S\000h\000e\000l\000l\000\040\000\046\000\040\000T\000o\000p\000\040\000C\000o\000v\000e\000r\000\051}{subsection.3.3.1}% 62
\BOOKMARK [2][-]{subsection.3.3.2}{\376\377\0003\000.\0003\000.\0002\000\040\000E\000m\000p\000i\000r\000i\000c\000a\000l\000\040\000S\000t\000r\000e\000s\000s\000\040\000A\000n\000a\000l\000y\000s\000i\000s}{section.3.3}% 63
\BOOKMARK [3][-]{subsubsection.3.3.2.1}{\376\377\0003\000.\0003\000.\0002\000.\0001\000\040\000A\000c\000r\000y\000l\000i\000c\000\040\000P\000l\000a\000t\000e\000\040\000o\000f\000\040\000t\000h\000i\000c\000k\000n\000e\000s\000s\000\040\000\050\0003\000m\000m\000\051}{subsection.3.3.2}% 64
\BOOKMARK [3][-]{subsubsection.3.3.2.2}{\376\377\0003\000.\0003\000.\0002\000.\0002\000\040\000A\000c\000r\000y\000l\000i\000c\000\040\000P\000l\000a\000t\000e\000\040\000o\000f\000\040\000\050\0006\000m\000m\000\051}{subsection.3.3.2}% 65
\BOOKMARK [3][-]{subsubsection.3.3.2.3}{\376\377\0003\000.\0003\000.\0002\000.\0003\000\040\000C\000o\000m\000p\000a\000r\000i\000s\000o\000n\000\040\000T\000a\000b\000l\000e}{subsection.3.3.2}% 66
\BOOKMARK [3][-]{subsubsection.3.3.2.4}{\376\377\0003\000.\0003\000.\0002\000.\0004\000\040\000A\000l\000l\000\040\000T\000h\000r\000e\000e\000\040\000l\000a\000y\000e\000r\000s\000\040\000S\000t\000r\000e\000s\000s\000\040\000A\000n\000a\000l\000y\000s\000i\000s}{subsection.3.3.2}% 67
\BOOKMARK [1][-]{section.3.4}{\376\377\0003\000.\0004\000\040\000K\000i\000n\000e\000m\000a\000t\000i\000c\000\040\000M\000o\000d\000e\000l\000i\000n\000g\000\040\000a\000n\000d\000\040\000U\000R\000D\000F\000\040\000G\000e\000n\000e\000r\000a\000t\000i\000o\000n}{chapter.3}% 68
\BOOKMARK [2][-]{subsection.3.4.1}{\376\377\0003\000.\0004\000.\0001\000\040\000K\000i\000n\000e\000m\000a\000t\000i\000c\000\040\000T\000r\000e\000e\000\040\000C\000o\000n\000s\000t\000r\000u\000c\000t\000i\000o\000n\000\040\000a\000n\000d\000\040\000G\000e\000o\000m\000e\000t\000r\000i\000c\000\040\000P\000r\000e\000-\000p\000r\000o\000c\000e\000s\000s\000i\000n\000g}{section.3.4}% 69
\BOOKMARK [2][-]{subsection.3.4.2}{\376\377\0003\000.\0004\000.\0002\000\040\000R\000O\000S\000\040\0002\000\040\000M\000i\000g\000r\000a\000t\000i\000o\000n\000\040\000a\000n\000d\000\040\000P\000a\000c\000k\000a\000g\000e\000\040\000R\000e\000c\000o\000n\000f\000i\000g\000u\000r\000a\000t\000i\000o\000n}{section.3.4}% 70
\BOOKMARK [3][-]{subsubsection.3.4.2.1}{\376\377\0003\000.\0004\000.\0002\000.\0001\000\040\000B\000u\000i\000l\000d\000\040\000S\000y\000s\000t\000e\000m\000\040\000A\000d\000a\000p\000t\000a\000t\000i\000o\000n}{subsection.3.4.2}% 71
\BOOKMARK [3][-]{subsubsection.3.4.2.2}{\376\377\0003\000.\0004\000.\0002\000.\0002\000\040\000L\000a\000u\000n\000c\000h\000\040\000S\000y\000s\000t\000e\000m\000\040\000D\000e\000v\000e\000l\000o\000p\000m\000e\000n\000t}{subsection.3.4.2}% 72
\BOOKMARK [3][-]{subsubsection.3.4.2.3}{\376\377\0003\000.\0004\000.\0002\000.\0003\000\040\000I\000n\000e\000r\000t\000i\000a\000l\000\040\000a\000n\000d\000\040\000V\000i\000s\000u\000a\000l\000\040\000O\000p\000t\000i\000m\000i\000z\000a\000t\000i\000o\000n}{subsection.3.4.2}% 73
\BOOKMARK [2][-]{subsection.3.4.3}{\376\377\0003\000.\0004\000.\0003\000\040\000S\000u\000m\000m\000a\000r\000y}{section.3.4}% 74
\BOOKMARK [0][]{chapter.4}{\376\377\0004\000\040\000E\000l\000e\000c\000t\000r\000i\000c\000a\000l\000\040\000S\000y\000s\000t\000e\000m\000\040\000A\000r\000c\000h\000i\000t\000e\000c\000t\000u\000r\000e\000\040\000a\000n\000d\000\040\000E\000m\000b\000e\000d\000d\000e\000d\000\040\000D\000e\000s\000i\000g\000n}{}% 75
\BOOKMARK [1][-]{section.4.1}{\376\377\0004\000.\0001\000\040\000O\000v\000e\000r\000v\000i\000e\000w}{chapter.4}% 76
\BOOKMARK [1][-]{section.4.2}{\376\377\0004\000.\0002\000\040\000S\000y\000s\000t\000e\000m\000\040\000T\000o\000p\000o\000l\000o\000g\000y}{chapter.4}% 77
\BOOKMARK [1][-]{section.4.3}{\376\377\0004\000.\0003\000\040\000C\000o\000m\000p\000o\000n\000e\000n\000t\000\040\000S\000e\000l\000e\000c\000t\000i\000o\000n\000\040\000a\000n\000d\000\040\000J\000u\000s\000t\000i\000f\000i\000c\000a\000t\000i\000o\000n}{chapter.4}% 78
\BOOKMARK [2][-]{subsection.4.3.1}{\376\377\0004\000.\0003\000.\0001\000\040\000L\000o\000w\000-\000L\000e\000v\000e\000l\000\040\000C\000o\000n\000t\000r\000o\000l\000l\000e\000r\000\040\000S\000e\000l\000e\000c\000t\000i\000o\000n}{section.4.3}% 79
\BOOKMARK [3][-]{subsubsection.4.3.1.1}{\376\377\0004\000.\0003\000.\0001\000.\0001\000\040\000S\000e\000l\000e\000c\000t\000i\000o\000n\000\040\000C\000r\000i\000t\000e\000r\000i\000a}{subsection.4.3.1}% 80
\BOOKMARK [3][-]{subsubsection.4.3.1.2}{\376\377\0004\000.\0003\000.\0001\000.\0002\000\040\000S\000e\000l\000e\000c\000t\000i\000o\000n\000\040\000M\000a\000t\000r\000i\000x}{subsection.4.3.1}% 81
\BOOKMARK [3][-]{subsubsection.4.3.1.3}{\376\377\0004\000.\0003\000.\0001\000.\0003\000\040\000S\000u\000m\000m\000a\000r\000y\000\040\000o\000f\000\040\000M\000i\000c\000r\000o\000c\000o\000n\000t\000r\000o\000l\000l\000e\000r\000\040\000S\000e\000l\000e\000c\000t\000i\000o\000n}{subsection.4.3.1}% 82
\BOOKMARK [2][-]{subsection.4.3.2}{\376\377\0004\000.\0003\000.\0002\000\040\000M\000o\000t\000o\000r\000\040\000D\000r\000i\000v\000e\000r\000\040\000S\000e\000l\000e\000c\000t\000i\000o\000n}{section.4.3}% 83
\BOOKMARK [3][-]{subsubsection.4.3.2.1}{\376\377\0004\000.\0003\000.\0002\000.\0001\000\040\000C\000a\000n\000d\000i\000d\000a\000t\000e\000s\000\040\000E\000v\000a\000l\000u\000a\000t\000e\000d}{subsection.4.3.2}% 84
\BOOKMARK [3][-]{subsubsection.4.3.2.2}{\376\377\0004\000.\0003\000.\0002\000.\0002\000\040\000S\000e\000l\000e\000c\000t\000i\000o\000n\000\040\000M\000a\000t\000r\000i\000x}{subsection.4.3.2}% 85
\BOOKMARK [3][-]{subsubsection.4.3.2.3}{\376\377\0004\000.\0003\000.\0002\000.\0003\000\040\000F\000i\000n\000a\000l\000\040\000S\000e\000l\000e\000c\000t\000i\000o\000n\000:\000\040\000C\000y\000t\000r\000o\000n\000\040\000M\000D\000D\0003\000A}{subsection.4.3.2}% 86
\BOOKMARK [3][-]{subsubsection.4.3.2.4}{\376\377\0004\000.\0003\000.\0002\000.\0004\000\040\000J\000u\000s\000t\000i\000f\000i\000c\000a\000t\000i\000o\000n\000\040\000o\000f\000\040\000S\000e\000l\000e\000c\000t\000i\000o\000n}{subsection.4.3.2}% 87
\BOOKMARK [2][-]{subsection.4.3.3}{\376\377\0004\000.\0003\000.\0003\000\040\000P\000o\000w\000e\000r\000\040\000S\000o\000u\000r\000c\000e\000\040\000S\000e\000l\000e\000c\000t\000i\000o\000n}{section.4.3}% 88
\BOOKMARK [3][-]{subsubsection.4.3.3.1}{\376\377\0004\000.\0003\000.\0003\000.\0001\000\040\000D\000e\000s\000i\000g\000n\000\040\000C\000o\000n\000s\000t\000r\000a\000i\000n\000t}{subsection.4.3.3}% 89
\BOOKMARK [3][-]{subsubsection.4.3.3.2}{\376\377\0004\000.\0003\000.\0003\000.\0002\000\040\000C\000a\000n\000d\000i\000d\000a\000t\000e\000s\000\040\000E\000v\000a\000l\000u\000a\000t\000e\000d}{subsection.4.3.3}% 90
\BOOKMARK [3][-]{subsubsection.4.3.3.3}{\376\377\0004\000.\0003\000.\0003\000.\0003\000\040\000S\000e\000l\000e\000c\000t\000i\000o\000n\000\040\000M\000a\000t\000r\000i\000x}{subsection.4.3.3}% 91
\BOOKMARK [3][-]{subsubsection.4.3.3.4}{\376\377\0004\000.\0003\000.\0003\000.\0004\000\040\000J\000u\000s\000t\000i\000f\000i\000c\000a\000t\000i\000o\000n\000\040\000o\000f\000\040\000S\000e\000l\000e\000c\000t\000i\000o\000n}{subsection.4.3.3}% 92
\BOOKMARK [3][-]{subsubsection.4.3.3.5}{\376\377\0004\000.\0003\000.\0003\000.\0005\000\040\000B\000a\000t\000t\000e\000r\000y\000\040\000S\000i\000z\000i\000n\000g\000\040\000\050\000T\000a\000r\000g\000e\000t\000:\000\040\000>\0003\0000\000\040\000m\000i\000n\000u\000t\000e\000s\000\040\000r\000u\000n\000t\000i\000m\000e\000\051}{subsection.4.3.3}% 93
\BOOKMARK [1][-]{section.4.4}{\376\377\0004\000.\0004\000\040\000P\000o\000w\000e\000r\000\040\000D\000i\000s\000t\000r\000i\000b\000u\000t\000i\000o\000n\000\040\000a\000n\000d\000\040\000S\000a\000f\000e\000t\000y\000\040\000S\000t\000r\000a\000t\000e\000g\000y}{chapter.4}% 94
\BOOKMARK [2][-]{subsection.4.4.1}{\376\377\0004\000.\0004\000.\0001\000\040\000P\000h\000y\000s\000i\000c\000a\000l\000\040\000I\000s\000o\000l\000a\000t\000i\000o\000n\000\040\000L\000o\000g\000i\000c\000\040\000\050\000T\000h\000r\000e\000e\000-\000S\000t\000a\000t\000e\000\040\000F\000a\000i\000l\000s\000a\000f\000e\000\051}{section.4.4}% 95
\BOOKMARK [2][-]{subsection.4.4.2}{\376\377\0004\000.\0004\000.\0002\000\040\000D\000u\000a\000l\000-\000S\000t\000a\000g\000e\000\040\000V\000o\000l\000t\000a\000g\000e\000\040\000R\000e\000g\000u\000l\000a\000t\000i\000o\000n}{section.4.4}% 96
\BOOKMARK [1][-]{section.4.5}{\376\377\0004\000.\0005\000\040\000L\000o\000w\000-\000L\000e\000v\000e\000l\000\040\000F\000i\000r\000m\000w\000a\000r\000e\000\040\000D\000e\000s\000i\000g\000n}{chapter.4}% 97
\BOOKMARK [2][-]{subsection.4.5.1}{\376\377\0004\000.\0005\000.\0001\000\040\000A\000c\000t\000u\000a\000t\000o\000r\000\040\000F\000e\000e\000d\000b\000a\000c\000k\000:\000\040\000Q\000u\000a\000d\000r\000a\000t\000u\000r\000e\000\040\000E\000n\000c\000o\000d\000e\000r\000s}{section.4.5}% 98
\BOOKMARK [3][-]{subsubsection.4.5.1.1}{\376\377\0004\000.\0005\000.\0001\000.\0001\000\040\000O\000p\000e\000r\000a\000t\000i\000n\000g\000\040\000P\000r\000i\000n\000c\000i\000p\000l\000e}{subsection.4.5.1}% 99
\BOOKMARK [2][-]{subsection.4.5.2}{\376\377\0004\000.\0005\000.\0002\000\040\000E\000n\000c\000o\000d\000e\000r\000\040\000D\000a\000t\000a\000\040\000A\000c\000q\000u\000i\000s\000i\000t\000i\000o\000n\000\040\000S\000t\000r\000a\000t\000e\000g\000y}{section.4.5}% 100
\BOOKMARK [3][-]{subsubsection.4.5.2.1}{\376\377\0004\000.\0005\000.\0002\000.\0001\000\040\000P\000o\000l\000l\000i\000n\000g\000\040\000v\000s\000.\000\040\000I\000n\000t\000e\000r\000r\000u\000p\000t\000-\000D\000r\000i\000v\000e\000n\000\040\000A\000r\000c\000h\000i\000t\000e\000c\000t\000u\000r\000e}{subsection.4.5.2}% 101
\BOOKMARK [2][-]{subsection.4.5.3}{\376\377\0004\000.\0005\000.\0003\000\040\000Q\000u\000a\000d\000r\000a\000t\000u\000r\000e\000\040\000E\000n\000c\000o\000d\000i\000n\000g\000\040\000S\000e\000l\000e\000c\000t\000i\000o\000n}{section.4.5}% 102
\BOOKMARK [3][-]{subsubsection.4.5.3.1}{\376\377\0004\000.\0005\000.\0003\000.\0001\000\040\000X\0001\000\040\000E\000n\000c\000o\000d\000i\000n\000g\000\040\000S\000e\000l\000e\000c\000t\000i\000o\000n\000\040\000R\000a\000t\000i\000o\000n\000a\000l\000e}{subsection.4.5.3}% 103
\BOOKMARK [2][-]{subsection.4.5.4}{\376\377\0004\000.\0005\000.\0004\000\040\000E\000n\000c\000o\000d\000e\000r\000\040\000C\000a\000l\000i\000b\000r\000a\000t\000i\000o\000n}{section.4.5}% 104
\BOOKMARK [2][-]{subsection.4.5.5}{\376\377\0004\000.\0005\000.\0005\000\040\000V\000e\000l\000o\000c\000i\000t\000y\000\040\000E\000s\000t\000i\000m\000a\000t\000i\000o\000n\000\040\000a\000n\000d\000\040\000S\000i\000g\000n\000a\000l\000\040\000P\000r\000o\000c\000e\000s\000s\000i\000n\000g}{section.4.5}% 105
\BOOKMARK [3][-]{subsubsection.4.5.5.1}{\376\377\0004\000.\0005\000.\0005\000.\0001\000\040\000T\000h\000e\000\040\000Q\000u\000a\000n\000t\000i\000z\000a\000t\000i\000o\000n\000\040\000P\000r\000o\000b\000l\000e\000m}{subsection.4.5.5}% 106
\BOOKMARK [3][-]{subsubsection.4.5.5.2}{\376\377\0004\000.\0005\000.\0005\000.\0002\000\040\000S\000o\000l\000u\000t\000i\000o\000n\000:\000\040\000F\000i\000r\000s\000t\000-\000O\000r\000d\000e\000r\000\040\000L\000o\000w\000-\000P\000a\000s\000s\000\040\000F\000i\000l\000t\000e\000r}{subsection.4.5.5}% 107
\BOOKMARK [1][-]{section.4.6}{\376\377\0004\000.\0006\000\040\000C\000o\000n\000t\000r\000o\000l\000\040\000S\000t\000r\000a\000t\000e\000g\000y\000\040\000a\000n\000d\000\040\000C\000o\000n\000t\000r\000o\000l\000l\000e\000r\000\040\000S\000e\000l\000e\000c\000t\000i\000o\000n}{chapter.4}% 108
\BOOKMARK [2][-]{subsection.4.6.1}{\376\377\0004\000.\0006\000.\0001\000\040\000C\000o\000n\000t\000r\000o\000l\000l\000e\000r\000\040\000S\000e\000l\000e\000c\000t\000i\000o\000n\000\040\000A\000n\000a\000l\000y\000s\000i\000s}{section.4.6}% 109
\BOOKMARK [3][-]{subsubsection.4.6.1.1}{\376\377\0004\000.\0006\000.\0001\000.\0001\000\040\000C\000o\000m\000p\000u\000t\000a\000t\000i\000o\000n\000a\000l\000\040\000C\000o\000s\000t}{subsection.4.6.1}% 110
\BOOKMARK [3][-]{subsubsection.4.6.1.2}{\376\377\0004\000.\0006\000.\0001\000.\0002\000\040\000M\000o\000d\000e\000l\000\040\000D\000e\000p\000e\000n\000d\000e\000n\000c\000y}{subsection.4.6.1}% 111
\BOOKMARK [3][-]{subsubsection.4.6.1.3}{\376\377\0004\000.\0006\000.\0001\000.\0003\000\040\000C\000o\000n\000s\000t\000r\000a\000i\000n\000t\000\040\000H\000a\000n\000d\000l\000i\000n\000g}{subsection.4.6.1}% 112
\BOOKMARK [3][-]{subsubsection.4.6.1.4}{\376\377\0004\000.\0006\000.\0001\000.\0004\000\040\000A\000p\000p\000l\000i\000c\000a\000t\000i\000o\000n\000\040\000S\000u\000i\000t\000a\000b\000i\000l\000i\000t\000y}{subsection.4.6.1}% 113
\BOOKMARK [3][-]{subsubsection.4.6.1.5}{\376\377\0004\000.\0006\000.\0001\000.\0005\000\040\000S\000e\000l\000e\000c\000t\000i\000o\000n\000\040\000C\000o\000n\000c\000l\000u\000s\000i\000o\000n}{subsection.4.6.1}% 114
\BOOKMARK [2][-]{subsection.4.6.2}{\376\377\0004\000.\0006\000.\0002\000\040\000M\000a\000t\000h\000e\000m\000a\000t\000i\000c\000a\000l\000\040\000D\000e\000r\000i\000v\000a\000t\000i\000o\000n\000:\000\040\000D\000i\000s\000c\000r\000e\000t\000e\000\040\000P\000I\000D\000\040\000A\000l\000g\000o\000r\000i\000t\000h\000m}{section.4.6}% 115
\BOOKMARK [3][-]{subsubsection.4.6.2.1}{\376\377\0004\000.\0006\000.\0002\000.\0001\000\040\000P\000r\000o\000p\000o\000r\000t\000i\000o\000n\000a\000l\000\040\000T\000e\000r\000m}{subsection.4.6.2}% 116
\BOOKMARK [3][-]{subsubsection.4.6.2.2}{\376\377\0004\000.\0006\000.\0002\000.\0002\000\040\000I\000n\000t\000e\000g\000r\000a\000l\000\040\000T\000e\000r\000m\000\040\000\050\000A\000c\000c\000u\000m\000u\000l\000a\000t\000i\000o\000n\000\051}{subsection.4.6.2}% 117
\BOOKMARK [3][-]{subsubsection.4.6.2.3}{\376\377\0004\000.\0006\000.\0002\000.\0003\000\040\000D\000e\000r\000i\000v\000a\000t\000i\000v\000e\000\040\000T\000e\000r\000m\000\040\000\050\000D\000i\000f\000f\000e\000r\000e\000n\000c\000e\000\051}{subsection.4.6.2}% 118
\BOOKMARK [3][-]{subsubsection.4.6.2.4}{\376\377\0004\000.\0006\000.\0002\000.\0004\000\040\000F\000i\000n\000a\000l\000\040\000C\000o\000n\000t\000r\000o\000l\000\040\000L\000a\000w}{subsection.4.6.2}% 119
\BOOKMARK [2][-]{subsection.4.6.3}{\376\377\0004\000.\0006\000.\0003\000\040\000S\000t\000a\000b\000i\000l\000i\000t\000y\000\040\000A\000u\000g\000m\000e\000n\000t\000a\000t\000i\000o\000n\000:\000\040\000A\000n\000t\000i\000-\000W\000i\000n\000d\000u\000p\000\040\000S\000t\000r\000a\000t\000e\000g\000y}{section.4.6}% 120
\BOOKMARK [2][-]{subsection.4.6.4}{\376\377\0004\000.\0006\000.\0004\000\040\000T\000u\000n\000i\000n\000g\000\040\000M\000e\000t\000h\000o\000d\000o\000l\000o\000g\000y}{section.4.6}% 121
\BOOKMARK [3][-]{subsubsection.4.6.4.1}{\376\377\0004\000.\0006\000.\0004\000.\0001\000\040\000P\000h\000a\000s\000e\000\040\0001\000:\000\040\000H\000e\000u\000r\000i\000s\000t\000i\000c\000\040\000T\000u\000n\000i\000n\000g\000\040\000\050\000Z\000i\000e\000g\000l\000e\000r\000-\000N\000i\000c\000h\000o\000l\000s\000\040\000V\000a\000r\000i\000a\000n\000t\000\051}{subsection.4.6.4}% 122
\BOOKMARK [3][-]{subsubsection.4.6.4.2}{\376\377\0004\000.\0006\000.\0004\000.\0002\000\040\000P\000h\000a\000s\000e\000\040\0002\000:\000\040\000P\000o\000l\000e\000\040\000P\000l\000a\000c\000e\000m\000e\000n\000t\000\040\000u\000s\000i\000n\000g\000\040\000M\000A\000T\000L\000A\000B\000\040\000P\000I\000D\000\040\000T\000u\000n\000e\000r}{subsection.4.6.4}% 123
\BOOKMARK [1][-]{section.4.7}{\376\377\0004\000.\0007\000\040\000T\000h\000e\000\040\000M\000i\000c\000r\000o\000-\000R\000O\000S\000\040\000A\000r\000c\000h\000i\000t\000e\000c\000t\000u\000r\000e}{chapter.4}% 124
\BOOKMARK [2][-]{subsection.4.7.1}{\376\377\0004\000.\0007\000.\0001\000\040\000O\000v\000e\000r\000v\000i\000e\000w\000:\000\040\000B\000r\000i\000d\000g\000i\000n\000g\000\040\000R\000e\000a\000l\000-\000T\000i\000m\000e\000\040\000E\000m\000b\000e\000d\000d\000e\000d\000\040\000S\000y\000s\000t\000e\000m\000s\000\040\000w\000i\000t\000h\000\040\000D\000D\000S}{section.4.7}% 125
\BOOKMARK [2][-]{subsection.4.7.2}{\376\377\0004\000.\0007\000.\0002\000\040\000T\000h\000e\000\040\000C\000l\000i\000e\000n\000t\000-\000A\000g\000e\000n\000t\000\040\000A\000r\000c\000h\000i\000t\000e\000c\000t\000u\000r\000e}{section.4.7}% 126
\BOOKMARK [3][-]{subsubsection.4.7.2.1}{\376\377\0004\000.\0007\000.\0002\000.\0001\000\040\000T\000h\000e\000\040\000M\000i\000c\000r\000o\000-\000R\000O\000S\000\040\000C\000l\000i\000e\000n\000t\000\040\000\050\000E\000S\000P\0003\0002\000-\000S\0003\000\051}{subsection.4.7.2}% 127
\BOOKMARK [3][-]{subsubsection.4.7.2.2}{\376\377\0004\000.\0007\000.\0002\000.\0002\000\040\000T\000h\000e\000\040\000M\000i\000c\000r\000o\000-\000R\000O\000S\000\040\000A\000g\000e\000n\000t\000\040\000\050\000J\000e\000t\000s\000o\000n\000/\000L\000a\000p\000t\000o\000p\000\051}{subsection.4.7.2}% 128
\BOOKMARK [2][-]{subsection.4.7.3}{\376\377\0004\000.\0007\000.\0003\000\040\000T\000h\000e\000\040\000M\000i\000d\000d\000l\000e\000w\000a\000r\000e\000:\000\040\000M\000i\000c\000r\000o\000-\000X\000R\000C\000E\000-\000D\000D\000S}{section.4.7}% 129
\BOOKMARK [3][-]{subsubsection.4.7.3.1}{\376\377\0004\000.\0007\000.\0003\000.\0001\000\040\000P\000r\000o\000t\000o\000c\000o\000l\000\040\000E\000f\000f\000i\000c\000i\000e\000n\000c\000y}{subsection.4.7.3}% 130
\BOOKMARK [3][-]{subsubsection.4.7.3.2}{\376\377\0004\000.\0007\000.\0003\000.\0002\000\040\000T\000r\000a\000n\000s\000p\000o\000r\000t\000\040\000L\000a\000y\000e\000r\000\040\000A\000g\000n\000o\000s\000t\000i\000c\000i\000s\000m}{subsection.4.7.3}% 131
\BOOKMARK [2][-]{subsection.4.7.4}{\376\377\0004\000.\0007\000.\0004\000\040\000D\000e\000e\000p\000\040\000D\000i\000v\000e\000:\000\040\000T\000h\000e\000\040\000M\000i\000c\000r\000o\000-\000R\000O\000S\000\040\000A\000g\000e\000n\000t}{section.4.7}% 132
\BOOKMARK [3][-]{subsubsection.4.7.4.1}{\376\377\0004\000.\0007\000.\0004\000.\0001\000\040\000C\000o\000n\000n\000e\000c\000t\000i\000o\000n\000\040\000M\000e\000c\000h\000a\000n\000i\000c\000s\000\040\000a\000n\000d\000\040\000H\000a\000n\000d\000s\000h\000a\000k\000e}{subsection.4.7.4}% 133
\BOOKMARK [3][-]{subsubsection.4.7.4.2}{\376\377\0004\000.\0007\000.\0004\000.\0002\000\040\000R\000u\000n\000n\000i\000n\000g\000\040\000t\000h\000e\000\040\000A\000g\000e\000n\000t}{subsection.4.7.4}% 134
\BOOKMARK [2][-]{subsection.4.7.5}{\376\377\0004\000.\0007\000.\0005\000\040\000I\000m\000p\000l\000e\000m\000e\000n\000t\000a\000t\000i\000o\000n\000\040\000S\000t\000r\000a\000t\000e\000g\000y\000:\000\040\000T\000h\000e\000\040\000r\000c\000l\000c\000\040\000E\000x\000e\000c\000u\000t\000o\000r}{section.4.7}% 135
\BOOKMARK [3][-]{subsubsection.4.7.5.1}{\376\377\0004\000.\0007\000.\0005\000.\0001\000\040\000M\000e\000m\000o\000r\000y\000\040\000M\000a\000n\000a\000g\000e\000m\000e\000n\000t\000\040\000\050\000A\000l\000l\000o\000c\000a\000t\000o\000r\000s\000\051}{subsection.4.7.5}% 136
\BOOKMARK [3][-]{subsubsection.4.7.5.2}{\376\377\0004\000.\0007\000.\0005\000.\0002\000\040\000T\000h\000e\000\040\000E\000x\000e\000c\000u\000t\000o\000r\000\040\000P\000a\000t\000t\000e\000r\000n}{subsection.4.7.5}% 137
\BOOKMARK [2][-]{subsection.4.7.6}{\376\377\0004\000.\0007\000.\0006\000\040\000Q\000u\000a\000l\000i\000t\000y\000\040\000o\000f\000\040\000S\000e\000r\000v\000i\000c\000e\000\040\000\050\000Q\000o\000S\000\051\000\040\000a\000n\000d\000\040\000R\000e\000l\000i\000a\000b\000i\000l\000i\000t\000y}{section.4.7}% 138
\BOOKMARK [3][-]{subsubsection.4.7.6.1}{\376\377\0004\000.\0007\000.\0006\000.\0001\000\040\000T\000h\000e\000\040\000P\000r\000o\000b\000l\000e\000m\000:\000\040\000`\000`\000R\000e\000l\000i\000a\000b\000l\000e\000'\000'\000\040\000O\000v\000e\000r\000h\000e\000a\000d}{subsection.4.7.6}% 139
\BOOKMARK [3][-]{subsubsection.4.7.6.2}{\376\377\0004\000.\0007\000.\0006\000.\0002\000\040\000T\000h\000e\000\040\000S\000o\000l\000u\000t\000i\000o\000n\000:\000\040\000`\000`\000B\000e\000s\000t\000\040\000E\000f\000f\000o\000r\000t\000'\000'\000\040\000\050\000U\000D\000P\000-\000S\000t\000y\000l\000e\000\051}{subsection.4.7.6}% 140
\BOOKMARK [2][-]{subsection.4.7.7}{\376\377\0004\000.\0007\000.\0007\000\040\000S\000e\000c\000t\000i\000o\000n\000\040\000S\000u\000m\000m\000a\000r\000y}{section.4.7}% 141
\BOOKMARK [1][-]{section.4.8}{\376\377\0004\000.\0008\000\040\000E\000v\000o\000l\000u\000t\000i\000o\000n\000a\000r\000y\000\040\000A\000r\000c\000h\000i\000t\000e\000c\000t\000u\000r\000e\000:\000\040\000T\000h\000e\000\040\000T\000h\000r\000e\000e\000-\000P\000h\000a\000s\000e\000\040\000I\000t\000e\000r\000a\000t\000i\000o\000n}{chapter.4}% 142
\BOOKMARK [2][-]{subsection.4.8.1}{\376\377\0004\000.\0008\000.\0001\000\040\000T\000r\000i\000a\000l\000\040\0001\000:\000\040\000R\000T\000O\000S\000-\000N\000a\000t\000i\000v\000e\000\040\000A\000p\000p\000r\000o\000a\000c\000h}{section.4.8}% 143
\BOOKMARK [3][-]{subsubsection.4.8.1.1}{\376\377\0004\000.\0008\000.\0001\000.\0001\000\040\000H\000y\000p\000o\000t\000h\000e\000s\000i\000s}{subsection.4.8.1}% 144
\BOOKMARK [3][-]{subsubsection.4.8.1.2}{\376\377\0004\000.\0008\000.\0001\000.\0002\000\040\000I\000m\000p\000l\000e\000m\000e\000n\000t\000a\000t\000i\000o\000n}{subsection.4.8.1}% 145
\BOOKMARK [3][-]{subsubsection.4.8.1.3}{\376\377\0004\000.\0008\000.\0001\000.\0003\000\040\000F\000a\000i\000l\000u\000r\000e\000\040\000M\000o\000d\000e}{subsection.4.8.1}% 146
\BOOKMARK [2][-]{subsection.4.8.2}{\376\377\0004\000.\0008\000.\0002\000\040\000T\000r\000i\000a\000l\000\040\0002\000:\000\040\000B\000a\000r\000e\000-\000M\000e\000t\000a\000l\000\040\000E\000S\000P\000-\000I\000D\000F\000\040\000O\000p\000t\000i\000m\000i\000z\000a\000t\000i\000o\000n}{section.4.8}% 147
\BOOKMARK [3][-]{subsubsection.4.8.2.1}{\376\377\0004\000.\0008\000.\0002\000.\0001\000\040\000H\000y\000p\000o\000t\000h\000e\000s\000i\000s}{subsection.4.8.2}% 148
\BOOKMARK [3][-]{subsubsection.4.8.2.2}{\376\377\0004\000.\0008\000.\0002\000.\0002\000\040\000I\000m\000p\000l\000e\000m\000e\000n\000t\000a\000t\000i\000o\000n}{subsection.4.8.2}% 149
\BOOKMARK [3][-]{subsubsection.4.8.2.3}{\376\377\0004\000.\0008\000.\0002\000.\0003\000\040\000F\000a\000i\000l\000u\000r\000e\000\040\000M\000o\000d\000e}{subsection.4.8.2}% 150
\BOOKMARK [2][-]{subsection.4.8.3}{\376\377\0004\000.\0008\000.\0003\000\040\000T\000r\000i\000a\000l\000\040\0003\000:\000\040\000H\000y\000b\000r\000i\000d\000\040\000A\000r\000c\000h\000i\000t\000e\000c\000t\000u\000r\000e\000\040\000\050\000F\000i\000n\000a\000l\000\040\000S\000o\000l\000u\000t\000i\000o\000n\000\051}{section.4.8}% 151
\BOOKMARK [3][-]{subsubsection.4.8.3.1}{\376\377\0004\000.\0008\000.\0003\000.\0001\000\040\000D\000u\000a\000l\000-\000C\000o\000r\000e\000\040\000A\000s\000y\000m\000m\000e\000t\000r\000i\000c\000\040\000P\000r\000o\000c\000e\000s\000s\000i\000n\000g}{subsection.4.8.3}% 152
\BOOKMARK [3][-]{subsubsection.4.8.3.2}{\376\377\0004\000.\0008\000.\0003\000.\0002\000\040\000I\000R\000A\000M\000-\000R\000e\000s\000i\000d\000e\000n\000t\000\040\000I\000S\000R\000s}{subsection.4.8.3}% 153
\BOOKMARK [3][-]{subsubsection.4.8.3.3}{\376\377\0004\000.\0008\000.\0003\000.\0003\000\040\000A\000t\000o\000m\000i\000c\000\040\000D\000a\000t\000a\000\040\000A\000c\000c\000e\000s\000s}{subsection.4.8.3}% 154
\BOOKMARK [3][-]{subsubsection.4.8.3.4}{\376\377\0004\000.\0008\000.\0003\000.\0004\000\040\000V\000a\000l\000i\000d\000a\000t\000i\000o\000n\000\040\000R\000e\000s\000u\000l\000t\000s}{subsection.4.8.3}% 155
\BOOKMARK [1][-]{section.4.9}{\376\377\0004\000.\0009\000\040\000S\000u\000m\000m\000a\000r\000y}{chapter.4}% 156
\BOOKMARK [0][]{chapter.5}{\376\377\0005\000\040\000H\000i\000g\000h\000-\000L\000e\000v\000e\000l\000\040\000C\000o\000n\000f\000i\000g\000u\000r\000a\000t\000i\000o\000n\000\040\000a\000n\000d\000\040\000A\000u\000t\000o\000n\000o\000m\000o\000u\000s\000\040\000S\000t\000a\000c\000k}{}% 157
\BOOKMARK [1][-]{section.5.1}{\376\377\0005\000.\0001\000\040\000H\000i\000g\000h\000-\000L\000e\000v\000e\000l\000\040\000C\000o\000m\000p\000u\000t\000i\000n\000g\000\040\000A\000r\000c\000h\000i\000t\000e\000c\000t\000u\000r\000e}{chapter.5}% 158
\BOOKMARK [2][-]{subsection.5.1.1}{\376\377\0005\000.\0001\000.\0001\000\040\000S\000y\000s\000t\000e\000m\000\040\000R\000e\000q\000u\000i\000r\000e\000m\000e\000n\000t\000s}{section.5.1}% 159
\BOOKMARK [3][-]{subsubsection.5.1.1.1}{\376\377\0005\000.\0001\000.\0001\000.\0001\000\040\000P\000e\000r\000c\000e\000p\000t\000i\000o\000n\000\040\000R\000e\000q\000u\000i\000r\000e\000m\000e\000n\000t\000s}{subsection.5.1.1}% 160
\BOOKMARK [3][-]{subsubsection.5.1.1.2}{\376\377\0005\000.\0001\000.\0001\000.\0002\000\040\000C\000o\000m\000m\000u\000n\000i\000c\000a\000t\000i\000o\000n\000\040\000R\000e\000q\000u\000i\000r\000e\000m\000e\000n\000t\000s}{subsection.5.1.1}% 161
\BOOKMARK [3][-]{subsubsection.5.1.1.3}{\376\377\0005\000.\0001\000.\0001\000.\0003\000\040\000N\000a\000v\000i\000g\000a\000t\000i\000o\000n\000\040\000a\000n\000d\000\040\000C\000o\000n\000t\000r\000o\000l\000\040\000R\000e\000q\000u\000i\000r\000e\000m\000e\000n\000t\000s}{subsection.5.1.1}% 162
\BOOKMARK [2][-]{subsection.5.1.2}{\376\377\0005\000.\0001\000.\0002\000\040\000C\000o\000m\000p\000u\000t\000i\000n\000g\000\040\000P\000l\000a\000t\000f\000o\000r\000m\000\040\000A\000n\000a\000l\000y\000s\000i\000s}{section.5.1}% 163
\BOOKMARK [3][-]{subsubsection.5.1.2.1}{\376\377\0005\000.\0001\000.\0002\000.\0001\000\040\000R\000a\000s\000p\000b\000e\000r\000r\000y\000\040\000P\000i\000\040\0005}{subsection.5.1.2}% 164
\BOOKMARK [3][-]{subsubsection.5.1.2.2}{\376\377\0005\000.\0001\000.\0002\000.\0002\000\040\000N\000V\000I\000D\000I\000A\000\040\000J\000e\000t\000s\000o\000n\000\040\000O\000r\000i\000n\000\040\000N\000a\000n\000o}{subsection.5.1.2}% 165
\BOOKMARK [2][-]{subsection.5.1.3}{\376\377\0005\000.\0001\000.\0003\000\040\000P\000l\000a\000t\000f\000o\000r\000m\000\040\000S\000e\000l\000e\000c\000t\000i\000o\000n}{section.5.1}% 166
\BOOKMARK [2][-]{subsection.5.1.4}{\376\377\0005\000.\0001\000.\0004\000\040\000D\000e\000p\000t\000h\000\040\000C\000a\000m\000e\000r\000a\000\040\000S\000e\000l\000e\000c\000t\000i\000o\000n}{section.5.1}% 167
\BOOKMARK [3][-]{subsubsection.5.1.4.1}{\376\377\0005\000.\0001\000.\0004\000.\0001\000\040\000C\000a\000m\000e\000r\000a\000\040\000T\000e\000c\000h\000n\000o\000l\000o\000g\000y\000\040\000C\000o\000m\000p\000a\000r\000i\000s\000o\000n}{subsection.5.1.4}% 168
\BOOKMARK [3][-]{subsubsection.5.1.4.2}{\376\377\0005\000.\0001\000.\0004\000.\0002\000\040\000D\000e\000p\000t\000h\000\040\000C\000a\000m\000e\000r\000a\000\040\000M\000o\000d\000e\000l\000\040\000C\000o\000m\000p\000a\000r\000i\000s\000o\000n}{subsection.5.1.4}% 169
\BOOKMARK [3][-]{subsubsection.5.1.4.3}{\376\377\0005\000.\0001\000.\0004\000.\0003\000\040\000F\000i\000n\000a\000l\000\040\000S\000e\000l\000e\000c\000t\000i\000o\000n\000:\000\040\000L\000u\000x\000o\000n\000i\000s\000\040\000O\000A\000K\000-\000D\000\040\000L\000i\000t\000e}{subsection.5.1.4}% 170
\BOOKMARK [3][-]{subsubsection.5.1.4.4}{\376\377\0005\000.\0001\000.\0004\000.\0004\000\040\000H\000a\000r\000d\000w\000a\000r\000e\000\040\000S\000p\000e\000c\000i\000f\000i\000c\000a\000t\000i\000o\000n\000s}{subsection.5.1.4}% 171
\BOOKMARK [3][-]{subsubsection.5.1.4.5}{\376\377\0005\000.\0001\000.\0004\000.\0005\000\040\000A\000p\000p\000l\000i\000c\000a\000t\000i\000o\000n\000\040\000S\000c\000e\000n\000a\000r\000i\000o\000s}{subsection.5.1.4}% 172
\BOOKMARK [3][-]{subsubsection.5.1.4.6}{\376\377\0005\000.\0001\000.\0004\000.\0006\000\040\000M\000e\000c\000h\000a\000n\000i\000c\000a\000l\000\040\000I\000n\000t\000e\000g\000r\000a\000t\000i\000o\000n}{subsection.5.1.4}% 173
\BOOKMARK [2][-]{subsection.5.1.5}{\376\377\0005\000.\0001\000.\0005\000\040\000I\000n\000e\000r\000t\000i\000a\000l\000\040\000M\000e\000a\000s\000u\000r\000e\000m\000e\000n\000t\000\040\000U\000n\000i\000t\000\040\000S\000e\000l\000e\000c\000t\000i\000o\000n}{section.5.1}% 174
\BOOKMARK [3][-]{subsubsection.5.1.5.1}{\376\377\0005\000.\0001\000.\0005\000.\0001\000\040\000I\000M\000U\000\040\000C\000o\000n\000f\000i\000g\000u\000r\000a\000t\000i\000o\000n\000\040\000C\000o\000m\000p\000a\000r\000i\000s\000o\000n}{subsection.5.1.5}% 175
\BOOKMARK [3][-]{subsubsection.5.1.5.2}{\376\377\0005\000.\0001\000.\0005\000.\0002\000\040\000I\000M\000U\000\040\000M\000o\000d\000e\000l\000\040\000C\000o\000m\000p\000a\000r\000i\000s\000o\000n}{subsection.5.1.5}% 176
\BOOKMARK [3][-]{subsubsection.5.1.5.3}{\376\377\0005\000.\0001\000.\0005\000.\0003\000\040\000F\000i\000n\000a\000l\000\040\000S\000e\000l\000e\000c\000t\000i\000o\000n\000:\000\040\000M\000P\000U\000-\0009\0002\0005\0000}{subsection.5.1.5}% 177
\BOOKMARK [3][-]{subsubsection.5.1.5.4}{\376\377\0005\000.\0001\000.\0005\000.\0004\000\040\000H\000a\000r\000d\000w\000a\000r\000e\000\040\000S\000p\000e\000c\000i\000f\000i\000c\000a\000t\000i\000o\000n\000s}{subsection.5.1.5}% 178
\BOOKMARK [3][-]{subsubsection.5.1.5.5}{\376\377\0005\000.\0001\000.\0005\000.\0005\000\040\000H\000a\000r\000d\000w\000a\000r\000e\000\040\000I\000m\000p\000l\000e\000m\000e\000n\000t\000a\000t\000i\000o\000n}{subsection.5.1.5}% 179
\BOOKMARK [3][-]{subsubsection.5.1.5.6}{\376\377\0005\000.\0001\000.\0005\000.\0006\000\040\000C\000a\000l\000i\000b\000r\000a\000t\000i\000o\000n\000\040\000P\000r\000o\000c\000e\000d\000u\000r\000e\000s}{subsection.5.1.5}% 180
\BOOKMARK [2][-]{subsection.5.1.6}{\376\377\0005\000.\0001\000.\0006\000\040\000L\000i\000D\000A\000R\000\040\000S\000e\000l\000e\000c\000t\000i\000o\000n}{section.5.1}% 181
\BOOKMARK [3][-]{subsubsection.5.1.6.1}{\376\377\0005\000.\0001\000.\0006\000.\0001\000\040\0002\000D\000\040\000v\000s\000.\000\040\0003\000D\000\040\000L\000i\000D\000A\000R\000\040\000C\000o\000m\000p\000a\000r\000i\000s\000o\000n}{subsection.5.1.6}% 182
\BOOKMARK [3][-]{subsubsection.5.1.6.2}{\376\377\0005\000.\0001\000.\0006\000.\0002\000\040\000F\000i\000n\000a\000l\000\040\000S\000e\000l\000e\000c\000t\000i\000o\000n\000:\000\040\000R\000P\000L\000I\000D\000A\000R\000\040\000A\0001}{subsection.5.1.6}% 183
\BOOKMARK [3][-]{subsubsection.5.1.6.3}{\376\377\0005\000.\0001\000.\0006\000.\0003\000\040\000R\000O\000S\000\040\0002\000\040\000I\000n\000t\000e\000g\000r\000a\000t\000i\000o\000n}{subsection.5.1.6}% 184
\BOOKMARK [1][-]{section.5.2}{\376\377\0005\000.\0002\000\040\000S\000y\000s\000t\000e\000m\000\040\000A\000r\000c\000h\000i\000t\000e\000c\000t\000u\000r\000e}{chapter.5}% 185
\BOOKMARK [2][-]{subsection.5.2.1}{\376\377\0005\000.\0002\000.\0001\000\040\000S\000o\000f\000t\000w\000a\000r\000e\000\040\000S\000t\000a\000c\000k\000\040\000O\000v\000e\000r\000v\000i\000e\000w}{section.5.2}% 186
\BOOKMARK [2][-]{subsection.5.2.2}{\376\377\0005\000.\0002\000.\0002\000\040\000K\000e\000y\000\040\000S\000o\000f\000t\000w\000a\000r\000e\000\040\000C\000o\000m\000p\000o\000n\000e\000n\000t\000s}{section.5.2}% 187
\BOOKMARK [2][-]{subsection.5.2.3}{\376\377\0005\000.\0002\000.\0003\000\040\000L\000o\000w\000-\000L\000e\000v\000e\000l\000\040\000I\000n\000t\000e\000r\000f\000a\000c\000e\000\040\000\050\000m\000i\000c\000r\000o\000-\000R\000O\000S\000\051}{section.5.2}% 188
\BOOKMARK [2][-]{subsection.5.2.4}{\376\377\0005\000.\0002\000.\0004\000\040\000D\000e\000p\000l\000o\000y\000m\000e\000n\000t\000\040\000o\000n\000\040\000J\000e\000t\000s\000o\000n\000\040\000O\000r\000i\000n\000\040\000N\000a\000n\000o\000\040\000\050\000D\000o\000c\000k\000e\000r\000\051}{section.5.2}% 189
\BOOKMARK [2][-]{subsection.5.2.5}{\376\377\0005\000.\0002\000.\0005\000\040\000C\000o\000r\000e\000\040\000R\000O\000S\000\040\0002\000\040\000N\000o\000d\000e\000\040\000O\000v\000e\000r\000v\000i\000e\000w}{section.5.2}% 190
\BOOKMARK [1][-]{section.5.3}{\376\377\0005\000.\0003\000\040\000S\000i\000m\000u\000l\000a\000t\000i\000o\000n\000\040\000E\000n\000v\000i\000r\000o\000n\000m\000e\000n\000t}{chapter.5}% 191
\BOOKMARK [2][-]{subsection.5.3.1}{\376\377\0005\000.\0003\000.\0001\000\040\000T\000e\000s\000t\000i\000n\000g\000\040\000S\000c\000e\000n\000a\000r\000i\000o\000s}{section.5.3}% 192
\BOOKMARK [1][-]{section.5.4}{\376\377\0005\000.\0004\000\040\000M\000u\000l\000t\000i\000-\000R\000o\000b\000o\000t\000\040\000S\000w\000a\000r\000m\000\040\000A\000r\000c\000h\000i\000t\000e\000c\000t\000u\000r\000e}{chapter.5}% 193
\BOOKMARK [2][-]{subsection.5.4.1}{\376\377\0005\000.\0004\000.\0001\000\040\000N\000a\000m\000e\000s\000p\000a\000c\000e\000-\000B\000a\000s\000e\000d\000\040\000S\000c\000a\000l\000a\000b\000i\000l\000i\000t\000y}{section.5.4}% 194
\BOOKMARK [2][-]{subsection.5.4.2}{\376\377\0005\000.\0004\000.\0002\000\040\000R\000Q\000T\000\040\000G\000r\000a\000p\000h\000\040\000A\000n\000a\000l\000y\000s\000i\000s\000:\000\040\000D\000u\000a\000l\000-\000R\000o\000b\000o\000t\000\040\000O\000p\000e\000r\000a\000t\000i\000o\000n}{section.5.4}% 195
\BOOKMARK [3][-]{subsubsection.5.4.2.1}{\376\377\0005\000.\0004\000.\0002\000.\0001\000\040\000G\000r\000a\000p\000h\000\040\000S\000t\000r\000u\000c\000t\000u\000r\000e\000\040\000A\000n\000a\000l\000y\000s\000i\000s}{subsection.5.4.2}% 196
\BOOKMARK [2][-]{subsection.5.4.3}{\376\377\0005\000.\0004\000.\0003\000\040\000D\000o\000c\000k\000e\000r\000-\000B\000a\000s\000e\000d\000\040\000S\000w\000a\000r\000m\000\040\000D\000e\000p\000l\000o\000y\000m\000e\000n\000t}{section.5.4}% 197
\BOOKMARK [3][-]{subsubsection.5.4.3.1}{\376\377\0005\000.\0004\000.\0003\000.\0001\000\040\000D\000e\000p\000l\000o\000y\000m\000e\000n\000t\000\040\000A\000r\000c\000h\000i\000t\000e\000c\000t\000u\000r\000e}{subsection.5.4.3}% 198
\BOOKMARK [3][-]{subsubsection.5.4.3.2}{\376\377\0005\000.\0004\000.\0003\000.\0002\000\040\000S\000c\000a\000l\000a\000b\000i\000l\000i\000t\000y\000\040\000B\000e\000n\000e\000f\000i\000t\000s}{subsection.5.4.3}% 199
\BOOKMARK [3][-]{subsubsection.5.4.3.3}{\376\377\0005\000.\0004\000.\0003\000.\0003\000\040\000L\000a\000u\000n\000c\000h\000\040\000F\000i\000l\000e\000\040\000I\000n\000t\000e\000g\000r\000a\000t\000i\000o\000n}{subsection.5.4.3}% 200
\BOOKMARK [2][-]{subsection.5.4.4}{\376\377\0005\000.\0004\000.\0004\000\040\000S\000w\000a\000r\000m\000\040\000C\000o\000m\000m\000u\000n\000i\000c\000a\000t\000i\000o\000n\000\040\000T\000o\000p\000o\000l\000o\000g\000y}{section.5.4}% 201
\BOOKMARK [1][-]{section.5.5}{\376\377\0005\000.\0005\000\040\000C\000o\000m\000m\000u\000n\000i\000c\000a\000t\000i\000o\000n\000\040\000S\000t\000a\000c\000k}{chapter.5}% 202
\BOOKMARK [2][-]{subsection.5.5.1}{\376\377\0005\000.\0005\000.\0001\000\040\000D\000D\000S\000\040\000M\000i\000d\000d\000l\000e\000w\000a\000r\000e\000\040\000C\000o\000n\000f\000i\000g\000u\000r\000a\000t\000i\000o\000n}{section.5.5}% 203
\BOOKMARK [2][-]{subsection.5.5.2}{\376\377\0005\000.\0005\000.\0002\000\040\000Q\000u\000a\000l\000i\000t\000y\000\040\000o\000f\000\040\000S\000e\000r\000v\000i\000c\000e\000\040\000C\000o\000n\000f\000i\000g\000u\000r\000a\000t\000i\000o\000n}{section.5.5}% 204
\BOOKMARK [2][-]{subsection.5.5.3}{\376\377\0005\000.\0005\000.\0003\000\040\000I\000n\000t\000e\000r\000-\000R\000o\000b\000o\000t\000\040\000C\000o\000m\000m\000u\000n\000i\000c\000a\000t\000i\000o\000n}{section.5.5}% 205
\BOOKMARK [1][-]{section.5.6}{\376\377\0005\000.\0006\000\040\000T\000h\000e\000\040\000A\000u\000t\000o\000n\000o\000m\000o\000u\000s\000\040\000S\000y\000s\000t\000e\000m}{chapter.5}% 206
\BOOKMARK [2][-]{subsection.5.6.1}{\376\377\0005\000.\0006\000.\0001\000\040\000S\000e\000n\000s\000o\000r\000\040\000F\000u\000s\000i\000o\000n\000\040\000a\000n\000d\000\040\000L\000o\000c\000a\000l\000i\000z\000a\000t\000i\000o\000n}{section.5.6}% 207
\BOOKMARK [3][-]{subsubsection.5.6.1.1}{\376\377\0005\000.\0006\000.\0001\000.\0001\000\040\000E\000x\000t\000e\000n\000d\000e\000d\000\040\000K\000a\000l\000m\000a\000n\000\040\000F\000i\000l\000t\000e\000r\000\040\000A\000r\000c\000h\000i\000t\000e\000c\000t\000u\000r\000e}{subsection.5.6.1}% 208
\BOOKMARK [3][-]{subsubsection.5.6.1.2}{\376\377\0005\000.\0006\000.\0001\000.\0002\000\040\000R\000O\000S\000\040\0002\000\040\000I\000M\000U\000\040\000D\000r\000i\000v\000e\000r\000\040\000I\000m\000p\000l\000e\000m\000e\000n\000t\000a\000t\000i\000o\000n}{subsection.5.6.1}% 209
\BOOKMARK [3][-]{subsubsection.5.6.1.3}{\376\377\0005\000.\0006\000.\0001\000.\0003\000\040\000V\000i\000s\000u\000a\000l\000i\000z\000a\000t\000i\000o\000n\000\040\000a\000n\000d\000\040\000V\000a\000l\000i\000d\000a\000t\000i\000o\000n}{subsection.5.6.1}% 210
\BOOKMARK [3][-]{subsubsection.5.6.1.4}{\376\377\0005\000.\0006\000.\0001\000.\0004\000\040\000D\000i\000r\000e\000c\000t\000\040\000J\000e\000t\000s\000o\000n\000\040\000I\000n\000t\000e\000g\000r\000a\000t\000i\000o\000n}{subsection.5.6.1}% 211
\BOOKMARK [3][-]{subsubsection.5.6.1.5}{\376\377\0005\000.\0006\000.\0001\000.\0005\000\040\000S\000L\000A\000M\000\040\000I\000n\000t\000e\000g\000r\000a\000t\000i\000o\000n}{subsection.5.6.1}% 212
\BOOKMARK [2][-]{subsection.5.6.2}{\376\377\0005\000.\0006\000.\0002\000\040\000M\000a\000p\000p\000i\000n\000g\000\040\000w\000i\000t\000h\000\040\000s\000l\000a\000m\000\137\000t\000o\000o\000l\000b\000o\000x}{section.5.6}% 213
\BOOKMARK [3][-]{subsubsection.5.6.2.1}{\376\377\0005\000.\0006\000.\0002\000.\0001\000\040\000A\000l\000g\000o\000r\000i\000t\000h\000m\000\040\000S\000e\000l\000e\000c\000t\000i\000o\000n}{subsection.5.6.2}% 214
\BOOKMARK [3][-]{subsubsection.5.6.2.2}{\376\377\0005\000.\0006\000.\0002\000.\0002\000\040\000S\000y\000s\000t\000e\000m\000\040\000A\000r\000c\000h\000i\000t\000e\000c\000t\000u\000r\000e}{subsection.5.6.2}% 215
\BOOKMARK [3][-]{subsubsection.5.6.2.3}{\376\377\0005\000.\0006\000.\0002\000.\0003\000\040\000R\000O\000S\000\040\0002\000\040\000T\000o\000p\000i\000c\000s\000\040\000a\000n\000d\000\040\000F\000r\000a\000m\000e\000s}{subsection.5.6.2}% 216
\BOOKMARK [3][-]{subsubsection.5.6.2.4}{\376\377\0005\000.\0006\000.\0002\000.\0004\000\040\000P\000a\000r\000a\000m\000e\000t\000e\000r\000\040\000T\000u\000n\000i\000n\000g\000\040\000S\000t\000r\000a\000t\000e\000g\000y}{subsection.5.6.2}% 217
\BOOKMARK [3][-]{subsubsection.5.6.2.5}{\376\377\0005\000.\0006\000.\0002\000.\0005\000\040\000E\000x\000p\000e\000r\000i\000m\000e\000n\000t\000a\000l\000\040\000R\000e\000s\000u\000l\000t\000s}{subsection.5.6.2}% 218
\BOOKMARK [2][-]{subsection.5.6.3}{\376\377\0005\000.\0006\000.\0003\000\040\000G\000o\000o\000g\000l\000e\000\040\000C\000a\000r\000t\000o\000g\000r\000a\000p\000h\000e\000r\000\040\000S\000L\000A\000M}{section.5.6}% 219
\BOOKMARK [3][-]{subsubsection.5.6.3.1}{\376\377\0005\000.\0006\000.\0003\000.\0001\000\040\000A\000l\000g\000o\000r\000i\000t\000h\000m\000\040\000S\000e\000l\000e\000c\000t\000i\000o\000n}{subsection.5.6.3}% 220
\BOOKMARK [3][-]{subsubsection.5.6.3.2}{\376\377\0005\000.\0006\000.\0003\000.\0002\000\040\000S\000y\000s\000t\000e\000m\000\040\000A\000r\000c\000h\000i\000t\000e\000c\000t\000u\000r\000e}{subsection.5.6.3}% 221
\BOOKMARK [3][-]{subsubsection.5.6.3.3}{\376\377\0005\000.\0006\000.\0003\000.\0003\000\040\000L\000o\000c\000a\000l\000\040\000S\000L\000A\000M\000:\000\040\000T\000r\000a\000j\000e\000c\000t\000o\000r\000y\000\040\000B\000u\000i\000l\000d\000e\000r}{subsection.5.6.3}% 222
\BOOKMARK [3][-]{subsubsection.5.6.3.4}{\376\377\0005\000.\0006\000.\0003\000.\0004\000\040\000G\000l\000o\000b\000a\000l\000\040\000S\000L\000A\000M\000:\000\040\000P\000o\000s\000e\000\040\000G\000r\000a\000p\000h\000\040\000O\000p\000t\000i\000m\000i\000z\000a\000t\000i\000o\000n}{subsection.5.6.3}% 223
\BOOKMARK [3][-]{subsubsection.5.6.3.5}{\376\377\0005\000.\0006\000.\0003\000.\0005\000\040\000E\000r\000r\000o\000r\000\040\000D\000i\000a\000g\000n\000o\000s\000i\000s\000\040\000a\000n\000d\000\040\000T\000u\000n\000i\000n\000g}{subsection.5.6.3}% 224
\BOOKMARK [3][-]{subsubsection.5.6.3.6}{\376\377\0005\000.\0006\000.\0003\000.\0006\000\040\000F\000i\000n\000a\000l\000\040\000C\000o\000n\000f\000i\000g\000u\000r\000a\000t\000i\000o\000n\000\040\000P\000a\000r\000a\000m\000e\000t\000e\000r\000s}{subsection.5.6.3}% 225
\BOOKMARK [3][-]{subsubsection.5.6.3.7}{\376\377\0005\000.\0006\000.\0003\000.\0007\000\040\000V\000a\000l\000i\000d\000a\000t\000i\000o\000n\000\040\000R\000e\000s\000u\000l\000t\000s}{subsection.5.6.3}% 226
\BOOKMARK [2][-]{subsection.5.6.4}{\376\377\0005\000.\0006\000.\0004\000\040\000S\000L\000A\000M\000\040\000F\000r\000a\000m\000e\000w\000o\000r\000k\000\040\000S\000e\000l\000e\000c\000t\000i\000o\000n}{section.5.6}% 227
\BOOKMARK [2][-]{subsection.5.6.5}{\376\377\0005\000.\0006\000.\0005\000\040\000S\000L\000A\000M\000\040\000L\000i\000m\000i\000t\000a\000t\000i\000o\000n\000s\000\040\000a\000n\000d\000\040\000F\000u\000t\000u\000r\000e\000\040\000W\000o\000r\000k}{section.5.6}% 228
\BOOKMARK [3][-]{subsubsection.5.6.5.1}{\376\377\0005\000.\0006\000.\0005\000.\0001\000\040\000C\000u\000r\000r\000e\000n\000t\000\040\000L\000i\000m\000i\000t\000a\000t\000i\000o\000n\000s}{subsection.5.6.5}% 229
\BOOKMARK [3][-]{subsubsection.5.6.5.2}{\376\377\0005\000.\0006\000.\0005\000.\0002\000\040\000F\000u\000t\000u\000r\000e\000\040\000I\000m\000p\000r\000o\000v\000e\000m\000e\000n\000t\000s}{subsection.5.6.5}% 230
\BOOKMARK [2][-]{subsection.5.6.6}{\376\377\0005\000.\0006\000.\0006\000\040\000P\000l\000a\000n\000n\000i\000n\000g}{section.5.6}% 231
\BOOKMARK [3][-]{subsubsection.5.6.6.1}{\376\377\0005\000.\0006\000.\0006\000.\0001\000\040\000G\000l\000o\000b\000a\000l\000\040\000P\000l\000a\000n\000n\000i\000n\000g\000\040\000\050\000S\000m\000a\000c\000P\000l\000a\000n\000n\000e\000r\000\040\000A\000*\000\051}{subsection.5.6.6}% 232
\BOOKMARK [3][-]{subsubsection.5.6.6.2}{\376\377\0005\000.\0006\000.\0006\000.\0002\000\040\000L\000o\000c\000a\000l\000\040\000C\000o\000n\000t\000r\000o\000l\000\040\000\050\000D\000W\000B\000\040\000H\000o\000l\000o\000n\000o\000m\000i\000c\000\051}{subsection.5.6.6}% 233
\BOOKMARK [2][-]{subsection.5.6.7}{\376\377\0005\000.\0006\000.\0007\000\040\000A\000u\000t\000o\000n\000o\000m\000o\000u\000s\000\040\000E\000x\000p\000l\000o\000r\000a\000t\000i\000o\000n\000\040\000S\000t\000r\000a\000t\000e\000g\000y}{section.5.6}% 234
\BOOKMARK [3][-]{subsubsection.5.6.7.1}{\376\377\0005\000.\0006\000.\0007\000.\0001\000\040\000F\000r\000o\000n\000t\000i\000e\000r\000\040\000D\000e\000t\000e\000c\000t\000i\000o\000n\000\040\000a\000n\000d\000\040\000F\000i\000l\000t\000e\000r\000i\000n\000g}{subsection.5.6.7}% 235
\BOOKMARK [3][-]{subsubsection.5.6.7.2}{\376\377\0005\000.\0006\000.\0007\000.\0002\000\040\000G\000o\000a\000l\000\040\000S\000e\000l\000e\000c\000t\000i\000o\000n}{subsection.5.6.7}% 236
\BOOKMARK [2][-]{subsection.5.6.8}{\376\377\0005\000.\0006\000.\0008\000\040\000C\000o\000n\000t\000r\000o\000l}{section.5.6}% 237
\BOOKMARK [3][-]{subsubsection.5.6.8.1}{\376\377\0005\000.\0006\000.\0008\000.\0001\000\040\000T\000r\000a\000j\000e\000c\000t\000o\000r\000y\000\040\000T\000r\000a\000c\000k\000i\000n\000g}{subsection.5.6.8}% 238
\BOOKMARK [3][-]{subsubsection.5.6.8.2}{\376\377\0005\000.\0006\000.\0008\000.\0002\000\040\000V\000e\000l\000o\000c\000i\000t\000y\000\040\000C\000o\000m\000m\000a\000n\000d\000s}{subsection.5.6.8}% 239
\BOOKMARK [2][-]{subsection.5.6.9}{\376\377\0005\000.\0006\000.\0009\000\040\000O\000m\000n\000i\000d\000i\000r\000e\000c\000t\000i\000o\000n\000a\000l\000\040\000K\000i\000n\000e\000m\000a\000t\000i\000c\000\040\000M\000o\000d\000e\000l\000i\000n\000g}{section.5.6}% 240
\BOOKMARK [3][-]{subsubsection.5.6.9.1}{\376\377\0005\000.\0006\000.\0009\000.\0001\000\040\000M\000o\000t\000i\000v\000a\000t\000i\000o\000n\000\040\000a\000n\000d\000\040\000S\000y\000s\000t\000e\000m\000\040\000R\000o\000l\000e}{subsection.5.6.9}% 241
\BOOKMARK [3][-]{subsubsection.5.6.9.2}{\376\377\0005\000.\0006\000.\0009\000.\0002\000\040\000M\000o\000d\000e\000l\000i\000n\000g\000\040\000A\000s\000s\000u\000m\000p\000t\000i\000o\000n\000s}{subsection.5.6.9}% 242
\BOOKMARK [3][-]{subsubsection.5.6.9.3}{\376\377\0005\000.\0006\000.\0009\000.\0003\000\040\000C\000o\000o\000r\000d\000i\000n\000a\000t\000e\000\040\000F\000r\000a\000m\000e\000s}{subsection.5.6.9}% 243
\BOOKMARK [3][-]{subsubsection.5.6.9.4}{\376\377\0005\000.\0006\000.\0009\000.\0004\000\040\000W\000h\000e\000e\000l\000\040\000C\000o\000n\000f\000i\000g\000u\000r\000a\000t\000i\000o\000n}{subsection.5.6.9}% 244
\BOOKMARK [3][-]{subsubsection.5.6.9.5}{\376\377\0005\000.\0006\000.\0009\000.\0005\000\040\000I\000n\000v\000e\000r\000s\000e\000\040\000K\000i\000n\000e\000m\000a\000t\000i\000c\000s}{subsection.5.6.9}% 245
\BOOKMARK [3][-]{subsubsection.5.6.9.6}{\376\377\0005\000.\0006\000.\0009\000.\0006\000\040\000F\000o\000r\000w\000a\000r\000d\000\040\000K\000i\000n\000e\000m\000a\000t\000i\000c\000s}{subsection.5.6.9}% 246
\BOOKMARK [2][-]{subsection.5.6.10}{\376\377\0005\000.\0006\000.\0001\0000\000\040\000O\000m\000n\000i\000d\000i\000r\000e\000c\000t\000i\000o\000n\000a\000l\000\040\000I\000n\000t\000e\000r\000f\000a\000c\000e\000\040\000D\000r\000i\000v\000e\000r}{section.5.6}% 247
\BOOKMARK [3][-]{subsubsection.5.6.10.1}{\376\377\0005\000.\0006\000.\0001\0000\000.\0001\000\040\000D\000e\000s\000i\000g\000n\000\040\000O\000b\000j\000e\000c\000t\000i\000v\000e\000s}{subsection.5.6.10}% 248
\BOOKMARK [3][-]{subsubsection.5.6.10.2}{\376\377\0005\000.\0006\000.\0001\0000\000.\0002\000\040\000F\000u\000n\000c\000t\000i\000o\000n\000a\000l\000\040\000R\000e\000q\000u\000i\000r\000e\000m\000e\000n\000t\000s}{subsection.5.6.10}% 249
\BOOKMARK [3][-]{subsubsection.5.6.10.3}{\376\377\0005\000.\0006\000.\0001\0000\000.\0003\000\040\000D\000e\000s\000i\000g\000n\000\040\000C\000h\000o\000i\000c\000e\000s}{subsection.5.6.10}% 250
\BOOKMARK [3][-]{subsubsection.5.6.10.4}{\376\377\0005\000.\0006\000.\0001\0000\000.\0004\000\040\000D\000r\000i\000v\000e\000r\000\040\000A\000r\000c\000h\000i\000t\000e\000c\000t\000u\000r\000e}{subsection.5.6.10}% 251
\BOOKMARK [3][-]{subsubsection.5.6.10.5}{\376\377\0005\000.\0006\000.\0001\0000\000.\0005\000\040\000O\000d\000o\000m\000e\000t\000r\000y\000\040\000E\000s\000t\000i\000m\000a\000t\000i\000o\000n}{subsection.5.6.10}% 252
\BOOKMARK [3][-]{subsubsection.5.6.10.6}{\376\377\0005\000.\0006\000.\0001\0000\000.\0006\000\040\000O\000d\000o\000m\000e\000t\000r\000y\000\040\000C\000o\000v\000a\000r\000i\000a\000n\000c\000e\000\040\000M\000o\000d\000e\000l\000i\000n\000g}{subsection.5.6.10}% 253
\BOOKMARK [3][-]{subsubsection.5.6.10.7}{\376\377\0005\000.\0006\000.\0001\0000\000.\0007\000\040\000K\000a\000l\000m\000a\000n\000\040\000P\000r\000e\000d\000i\000c\000t\000i\000o\000n\000\040\000f\000o\000r\000\040\000C\000o\000v\000a\000r\000i\000a\000n\000c\000e\000\040\000P\000r\000o\000p\000a\000g\000a\000t\000i\000o\000n}{subsection.5.6.10}% 254
\BOOKMARK [1][-]{section.5.7}{\376\377\0005\000.\0007\000\040\000A\000u\000t\000o\000n\000o\000m\000o\000u\000s\000\040\000S\000y\000s\000t\000e\000m\000\040\000N\000o\000d\000e\000\040\000S\000t\000r\000u\000c\000t\000u\000r\000e}{chapter.5}% 255
\BOOKMARK [2][-]{subsection.5.7.1}{\376\377\0005\000.\0007\000.\0001\000\040\000S\000i\000n\000g\000l\000e\000\040\000R\000o\000b\000o\000t\000\040\000A\000r\000c\000h\000i\000t\000e\000c\000t\000u\000r\000e}{section.5.7}% 256
\BOOKMARK [2][-]{subsection.5.7.2}{\376\377\0005\000.\0007\000.\0002\000\040\000D\000a\000t\000a\000\040\000F\000l\000o\000w\000\040\000P\000i\000p\000e\000l\000i\000n\000e}{section.5.7}% 257
\BOOKMARK [3][-]{subsubsection.5.7.2.1}{\376\377\0005\000.\0007\000.\0002\000.\0001\000\040\000P\000e\000r\000c\000e\000p\000t\000i\000o\000n\000\040\000L\000a\000y\000e\000r}{subsection.5.7.2}% 258
\BOOKMARK [3][-]{subsubsection.5.7.2.2}{\376\377\0005\000.\0007\000.\0002\000.\0002\000\040\000L\000o\000c\000a\000l\000i\000z\000a\000t\000i\000o\000n\000\040\000a\000n\000d\000\040\000M\000a\000p\000p\000i\000n\000g\000\040\000L\000a\000y\000e\000r}{subsection.5.7.2}% 259
\BOOKMARK [3][-]{subsubsection.5.7.2.3}{\376\377\0005\000.\0007\000.\0002\000.\0003\000\040\000P\000l\000a\000n\000n\000i\000n\000g\000\040\000a\000n\000d\000\040\000N\000a\000v\000i\000g\000a\000t\000i\000o\000n\000\040\000L\000a\000y\000e\000r}{subsection.5.7.2}% 260
\BOOKMARK [3][-]{subsubsection.5.7.2.4}{\376\377\0005\000.\0007\000.\0002\000.\0004\000\040\000C\000o\000n\000t\000r\000o\000l\000\040\000L\000a\000y\000e\000r}{subsection.5.7.2}% 261
\BOOKMARK [2][-]{subsection.5.7.3}{\376\377\0005\000.\0007\000.\0003\000\040\000T\000o\000p\000i\000c\000\040\000S\000u\000m\000m\000a\000r\000y}{section.5.7}% 262
\BOOKMARK [1][-]{section.5.8}{\376\377\0005\000.\0008\000\040\000R\000o\000b\000o\000t\000\040\000D\000e\000s\000c\000r\000i\000p\000t\000i\000o\000n\000\040\000\050\000U\000R\000D\000F\000\051}{chapter.5}% 263
\BOOKMARK [2][-]{subsection.5.8.1}{\376\377\0005\000.\0008\000.\0001\000\040\000X\000a\000c\000r\000o\000\040\000A\000r\000c\000h\000i\000t\000e\000c\000t\000u\000r\000e}{section.5.8}% 264
\BOOKMARK [2][-]{subsection.5.8.2}{\376\377\0005\000.\0008\000.\0002\000\040\000M\000o\000d\000e\000l\000\040\000G\000e\000n\000e\000r\000a\000t\000i\000o\000n}{section.5.8}% 265
\BOOKMARK [1][-]{section.5.9}{\376\377\0005\000.\0009\000\040\000F\000u\000t\000u\000r\000e\000\040\000W\000o\000r\000k\000\040\000a\000n\000d\000\040\000R\000e\000s\000e\000a\000r\000c\000h}{chapter.5}% 266
\BOOKMARK [2][-]{subsection.5.9.1}{\376\377\0005\000.\0009\000.\0001\000\040\000C\000o\000l\000l\000a\000b\000o\000r\000a\000t\000i\000v\000e\000\040\000A\000l\000g\000o\000r\000i\000t\000h\000m\000s\000\040\000\050\000P\000l\000a\000n\000n\000e\000d\000\051}{section.5.9}% 267
\BOOKMARK [2][-]{subsection.5.9.2}{\376\377\0005\000.\0009\000.\0002\000\040\000A\000d\000v\000a\000n\000c\000e\000d\000\040\000P\000e\000r\000c\000e\000p\000t\000i\000o\000n}{section.5.9}% 268
\BOOKMARK [0][]{chapter.6}{\376\377\0006\000\040\000E\000x\000p\000e\000r\000i\000m\000e\000n\000t\000a\000l\000\040\000R\000e\000s\000u\000l\000t\000s\000\040\000a\000n\000d\000\040\000D\000i\000s\000c\000u\000s\000s\000i\000o\000n}{}% 269
\BOOKMARK [1][-]{section.6.1}{\376\377\0006\000.\0001\000\040\000M\000e\000c\000h\000a\000n\000i\000c\000a\000l\000\040\000T\000e\000s\000t\000i\000n\000g\000\040\000a\000n\000d\000\040\000V\000a\000l\000i\000d\000a\000t\000i\000o\000n}{chapter.6}% 270
\BOOKMARK [2][-]{subsection.6.1.1}{\376\377\0006\000.\0001\000.\0001\000\040\000S\000t\000r\000u\000c\000t\000u\000r\000a\000l\000\040\000A\000n\000a\000l\000y\000s\000i\000s\000\040\000R\000e\000s\000u\000l\000t\000s}{section.6.1}% 271
\BOOKMARK [3][-]{subsubsection.6.1.1.1}{\376\377\0006\000.\0001\000.\0001\000.\0001\000\040\000V\000o\000n\000\040\000M\000i\000s\000e\000s\000\040\000S\000t\000r\000e\000s\000s\000\040\000A\000n\000a\000l\000y\000s\000i\000s}{subsection.6.1.1}% 272
\BOOKMARK [3][-]{subsubsection.6.1.1.2}{\376\377\0006\000.\0001\000.\0001\000.\0002\000\040\000D\000i\000s\000p\000l\000a\000c\000e\000m\000e\000n\000t\000\040\000A\000n\000a\000l\000y\000s\000i\000s}{subsection.6.1.1}% 273
\BOOKMARK [3][-]{subsubsection.6.1.1.3}{\376\377\0006\000.\0001\000.\0001\000.\0003\000\040\000D\000e\000s\000i\000g\000n\000\040\000D\000e\000c\000i\000s\000i\000o\000n}{subsection.6.1.1}% 274
\BOOKMARK [2][-]{subsection.6.1.2}{\376\377\0006\000.\0001\000.\0002\000\040\000O\000p\000e\000r\000a\000t\000i\000o\000n\000a\000l\000\040\000T\000e\000s\000t\000i\000n\000g\000\040\000R\000e\000s\000u\000l\000t\000s}{section.6.1}% 275
\BOOKMARK [1][-]{section.6.2}{\376\377\0006\000.\0002\000\040\000E\000l\000e\000c\000t\000r\000i\000c\000a\000l\000\040\000S\000y\000s\000t\000e\000m\000\040\000V\000a\000l\000i\000d\000a\000t\000i\000o\000n}{chapter.6}% 276
\BOOKMARK [2][-]{subsection.6.2.1}{\376\377\0006\000.\0002\000.\0001\000\040\000P\000o\000w\000e\000r\000\040\000S\000y\000s\000t\000e\000m\000\040\000P\000e\000r\000f\000o\000r\000m\000a\000n\000c\000e}{section.6.2}% 277
\BOOKMARK [2][-]{subsection.6.2.2}{\376\377\0006\000.\0002\000.\0002\000\040\000M\000o\000t\000o\000r\000\040\000C\000o\000n\000t\000r\000o\000l\000\040\000P\000e\000r\000f\000o\000r\000m\000a\000n\000c\000e}{section.6.2}% 278
\BOOKMARK [2][-]{subsection.6.2.3}{\376\377\0006\000.\0002\000.\0003\000\040\000M\000i\000c\000r\000o\000c\000o\000n\000t\000r\000o\000l\000l\000e\000r\000\040\000S\000e\000l\000e\000c\000t\000i\000o\000n\000\040\000V\000a\000l\000i\000d\000a\000t\000i\000o\000n}{section.6.2}% 279
\BOOKMARK [1][-]{section.6.3}{\376\377\0006\000.\0003\000\040\000I\000M\000U\000\040\000I\000n\000t\000e\000g\000r\000a\000t\000i\000o\000n\000\040\000a\000n\000d\000\040\000S\000e\000n\000s\000o\000r\000\040\000F\000u\000s\000i\000o\000n\000\040\000R\000e\000s\000u\000l\000t\000s}{chapter.6}% 280
\BOOKMARK [2][-]{subsection.6.3.1}{\376\377\0006\000.\0003\000.\0001\000\040\000I\000M\000U\000\040\000H\000a\000r\000d\000w\000a\000r\000e\000\040\000S\000e\000l\000e\000c\000t\000i\000o\000n}{section.6.3}% 281
\BOOKMARK [3][-]{subsubsection.6.3.1.1}{\376\377\0006\000.\0003\000.\0001\000.\0001\000\040\000I\000M\000U\000\040\000C\000o\000n\000f\000i\000g\000u\000r\000a\000t\000i\000o\000n\000\040\000C\000o\000m\000p\000a\000r\000i\000s\000o\000n}{subsection.6.3.1}% 282
\BOOKMARK [3][-]{subsubsection.6.3.1.2}{\376\377\0006\000.\0003\000.\0001\000.\0002\000\040\000I\000M\000U\000\040\000M\000o\000d\000e\000l\000\040\000C\000o\000m\000p\000a\000r\000i\000s\000o\000n}{subsection.6.3.1}% 283
\BOOKMARK [2][-]{subsection.6.3.2}{\376\377\0006\000.\0003\000.\0002\000\040\000I\000M\000U\000\040\000C\000a\000l\000i\000b\000r\000a\000t\000i\000o\000n\000\040\000R\000e\000s\000u\000l\000t\000s}{section.6.3}% 284
\BOOKMARK [2][-]{subsection.6.3.3}{\376\377\0006\000.\0003\000.\0003\000\040\000E\000x\000t\000e\000n\000d\000e\000d\000\040\000K\000a\000l\000m\000a\000n\000\040\000F\000i\000l\000t\000e\000r\000\040\000P\000e\000r\000f\000o\000r\000m\000a\000n\000c\000e}{section.6.3}% 285
\BOOKMARK [2][-]{subsection.6.3.4}{\376\377\0006\000.\0003\000.\0004\000\040\000S\000y\000s\000t\000e\000m\000\040\000L\000a\000t\000e\000n\000c\000y\000\040\000C\000o\000m\000p\000a\000r\000i\000s\000o\000n}{section.6.3}% 286
\BOOKMARK [1][-]{section.6.4}{\376\377\0006\000.\0004\000\040\000S\000L\000A\000M\000\040\000A\000l\000g\000o\000r\000i\000t\000h\000m\000\040\000E\000v\000a\000l\000u\000a\000t\000i\000o\000n}{chapter.6}% 287
\BOOKMARK [2][-]{subsection.6.4.1}{\376\377\0006\000.\0004\000.\0001\000\040\000A\000l\000g\000o\000r\000i\000t\000h\000m\000\040\000S\000e\000l\000e\000c\000t\000i\000o\000n}{section.6.4}% 288
\BOOKMARK [2][-]{subsection.6.4.2}{\376\377\0006\000.\0004\000.\0002\000\040\000M\000a\000p\000p\000i\000n\000g\000\040\000Q\000u\000a\000l\000i\000t\000y\000\040\000R\000e\000s\000u\000l\000t\000s}{section.6.4}% 289
\BOOKMARK [3][-]{subsubsection.6.4.2.1}{\376\377\0006\000.\0004\000.\0002\000.\0001\000\040\000S\000i\000n\000g\000l\000e\000-\000R\000o\000b\000o\000t\000\040\000M\000a\000p\000p\000i\000n\000g}{subsection.6.4.2}% 290
\BOOKMARK [2][-]{subsection.6.4.3}{\376\377\0006\000.\0004\000.\0003\000\040\000S\000L\000A\000M\000\040\000A\000r\000t\000i\000f\000a\000c\000t\000\040\000R\000e\000s\000o\000l\000u\000t\000i\000o\000n}{section.6.4}% 291
\BOOKMARK [1][-]{section.6.5}{\376\377\0006\000.\0005\000\040\000A\000u\000t\000o\000n\000o\000m\000o\000u\000s\000\040\000N\000a\000v\000i\000g\000a\000t\000i\000o\000n\000\040\000R\000e\000s\000u\000l\000t\000s}{chapter.6}% 292
\BOOKMARK [2][-]{subsection.6.5.1}{\376\377\0006\000.\0005\000.\0001\000\040\000N\000a\000v\0002\000\040\000S\000t\000a\000c\000k\000\040\000P\000e\000r\000f\000o\000r\000m\000a\000n\000c\000e}{section.6.5}% 293
\BOOKMARK [2][-]{subsection.6.5.2}{\376\377\0006\000.\0005\000.\0002\000\040\000F\000r\000o\000n\000t\000i\000e\000r\000-\000B\000a\000s\000e\000d\000\040\000E\000x\000p\000l\000o\000r\000a\000t\000i\000o\000n}{section.6.5}% 294
\BOOKMARK [2][-]{subsection.6.5.3}{\376\377\0006\000.\0005\000.\0003\000\040\000K\000i\000n\000e\000m\000a\000t\000i\000c\000\040\000M\000o\000d\000e\000l\000\040\000V\000a\000l\000i\000d\000a\000t\000i\000o\000n}{section.6.5}% 295
\BOOKMARK [1][-]{section.6.6}{\376\377\0006\000.\0006\000\040\000C\000o\000m\000p\000u\000t\000e\000\040\000P\000l\000a\000t\000f\000o\000r\000m\000\040\000E\000v\000a\000l\000u\000a\000t\000i\000o\000n}{chapter.6}% 296
\BOOKMARK [2][-]{subsection.6.6.1}{\376\377\0006\000.\0006\000.\0001\000\040\000J\000e\000t\000s\000o\000n\000\040\000O\000r\000i\000n\000\040\000N\000a\000n\000o\000\040\000v\000s\000\040\000R\000a\000s\000p\000b\000e\000r\000r\000y\000\040\000P\000i\000\040\0005}{section.6.6}% 297
\BOOKMARK [1][-]{section.6.7}{\376\377\0006\000.\0007\000\040\000L\000i\000D\000A\000R\000\040\000S\000e\000n\000s\000o\000r\000\040\000V\000a\000l\000i\000d\000a\000t\000i\000o\000n}{chapter.6}% 298
\BOOKMARK [2][-]{subsection.6.7.1}{\376\377\0006\000.\0007\000.\0001\000\040\000R\000P\000L\000i\000D\000A\000R\000\040\000A\0001\000M\0008\000\040\000P\000e\000r\000f\000o\000r\000m\000a\000n\000c\000e}{section.6.7}% 299
\BOOKMARK [1][-]{section.6.8}{\376\377\0006\000.\0008\000\040\000D\000e\000p\000t\000h\000\040\000C\000a\000m\000e\000r\000a\000\040\000V\000a\000l\000i\000d\000a\000t\000i\000o\000n}{chapter.6}% 300
\BOOKMARK [2][-]{subsection.6.8.1}{\376\377\0006\000.\0008\000.\0001\000\040\000O\000A\000K\000-\000D\000\040\000L\000i\000t\000e\000\040\000P\000e\000r\000f\000o\000r\000m\000a\000n\000c\000e}{section.6.8}% 301
\BOOKMARK [1][-]{section.6.9}{\376\377\0006\000.\0009\000\040\000S\000y\000s\000t\000e\000m\000\040\000I\000n\000t\000e\000g\000r\000a\000t\000i\000o\000n\000\040\000R\000e\000s\000u\000l\000t\000s}{chapter.6}% 302
\BOOKMARK [2][-]{subsection.6.9.1}{\376\377\0006\000.\0009\000.\0001\000\040\000m\000i\000c\000r\000o\000-\000R\000O\000S\000\040\000C\000o\000m\000m\000u\000n\000i\000c\000a\000t\000i\000o\000n}{section.6.9}% 303
\BOOKMARK [2][-]{subsection.6.9.2}{\376\377\0006\000.\0009\000.\0002\000\040\000D\000o\000c\000k\000e\000r\000\040\000D\000e\000p\000l\000o\000y\000m\000e\000n\000t\000\040\000V\000a\000l\000i\000d\000a\000t\000i\000o\000n}{section.6.9}% 304
\BOOKMARK [1][-]{section.6.10}{\376\377\0006\000.\0001\0000\000\040\000S\000i\000m\000u\000l\000a\000t\000i\000o\000n\000\040\000a\000n\000d\000\040\000A\000u\000t\000o\000n\000o\000m\000o\000u\000s\000\040\000S\000t\000a\000c\000k\000\040\000V\000a\000l\000i\000d\000a\000t\000i\000o\000n}{chapter.6}% 305
\BOOKMARK [2][-]{subsection.6.10.1}{\376\377\0006\000.\0001\0000\000.\0001\000\040\000F\000r\000o\000n\000t\000i\000e\000r\000\040\000E\000x\000p\000l\000o\000r\000a\000t\000i\000o\000n\000\040\000A\000l\000g\000o\000r\000i\000t\000h\000m\000\040\000V\000a\000l\000i\000d\000a\000t\000i\000o\000n}{section.6.10}% 306
\BOOKMARK [3][-]{subsubsection.6.10.1.1}{\376\377\0006\000.\0001\0000\000.\0001\000.\0001\000\040\000M\000a\000t\000p\000l\000o\000t\000l\000i\000b\000\040\000S\000i\000m\000u\000l\000a\000t\000i\000o\000n\000\040\000E\000n\000v\000i\000r\000o\000n\000m\000e\000n\000t}{subsection.6.10.1}% 307
\BOOKMARK [3][-]{subsubsection.6.10.1.2}{\376\377\0006\000.\0001\0000\000.\0001\000.\0002\000\040\000E\000x\000p\000l\000o\000r\000a\000t\000i\000o\000n\000\040\000P\000r\000o\000g\000r\000e\000s\000s\000i\000o\000n}{subsection.6.10.1}% 308
\BOOKMARK [3][-]{subsubsection.6.10.1.3}{\376\377\0006\000.\0001\0000\000.\0001\000.\0003\000\040\000A\000l\000g\000o\000r\000i\000t\000h\000m\000\040\000P\000e\000r\000f\000o\000r\000m\000a\000n\000c\000e\000\040\000A\000n\000a\000l\000y\000s\000i\000s}{subsection.6.10.1}% 309
\BOOKMARK [2][-]{subsection.6.10.2}{\376\377\0006\000.\0001\0000\000.\0002\000\040\000O\000m\000n\000i\000d\000i\000r\000e\000c\000t\000i\000o\000n\000a\000l\000\040\000M\000o\000t\000i\000o\000n\000\040\000V\000a\000l\000i\000d\000a\000t\000i\000o\000n}{section.6.10}% 310
\BOOKMARK [3][-]{subsubsection.6.10.2.1}{\376\377\0006\000.\0001\0000\000.\0002\000.\0001\000\040\000H\000e\000a\000d\000i\000n\000g\000-\000I\000n\000d\000e\000p\000e\000n\000d\000e\000n\000t\000\040\000T\000r\000a\000n\000s\000l\000a\000t\000i\000o\000n}{subsection.6.10.2}% 311
\BOOKMARK [2][-]{subsection.6.10.3}{\376\377\0006\000.\0001\0000\000.\0003\000\040\000C\000o\000m\000p\000l\000e\000t\000e\000\040\000A\000u\000t\000o\000n\000o\000m\000o\000u\000s\000\040\000S\000t\000a\000c\000k\000\040\000I\000n\000t\000e\000g\000r\000a\000t\000i\000o\000n\000\040\000T\000e\000s\000t}{section.6.10}% 312
\BOOKMARK [3][-]{subsubsection.6.10.3.1}{\376\377\0006\000.\0001\0000\000.\0003\000.\0001\000\040\000S\000y\000s\000t\000e\000m\000\040\000C\000o\000n\000f\000i\000g\000u\000r\000a\000t\000i\000o\000n}{subsection.6.10.3}% 313
\BOOKMARK [3][-]{subsubsection.6.10.3.2}{\376\377\0006\000.\0001\0000\000.\0003\000.\0002\000\040\000I\000n\000t\000e\000g\000r\000a\000t\000i\000o\000n\000\040\000T\000e\000s\000t\000\040\000P\000r\000o\000g\000r\000e\000s\000s\000i\000o\000n}{subsection.6.10.3}% 314
\BOOKMARK [3][-]{subsubsection.6.10.3.3}{\376\377\0006\000.\0001\0000\000.\0003\000.\0003\000\040\000I\000n\000t\000e\000g\000r\000a\000t\000i\000o\000n\000\040\000T\000e\000s\000t\000\040\000R\000e\000s\000u\000l\000t\000s}{subsection.6.10.3}% 315
\BOOKMARK [3][-]{subsubsection.6.10.3.4}{\376\377\0006\000.\0001\0000\000.\0003\000.\0004\000\040\000S\000y\000s\000t\000e\000m\000\040\000R\000e\000s\000o\000u\000r\000c\000e\000\040\000U\000t\000i\000l\000i\000z\000a\000t\000i\000o\000n}{subsection.6.10.3}% 316
\BOOKMARK [3][-]{subsubsection.6.10.3.5}{\376\377\0006\000.\0001\0000\000.\0003\000.\0005\000\040\000D\000i\000s\000c\000u\000s\000s\000i\000o\000n}{subsection.6.10.3}% 317
\BOOKMARK [1][-]{section.6.11}{\376\377\0006\000.\0001\0001\000\040\000O\000v\000e\000r\000a\000l\000l\000\040\000S\000y\000s\000t\000e\000m\000\040\000E\000v\000a\000l\000u\000a\000t\000i\000o\000n}{chapter.6}% 318
\BOOKMARK [2][-]{subsection.6.11.1}{\376\377\0006\000.\0001\0001\000.\0001\000\040\000P\000r\000o\000j\000e\000c\000t\000\040\000S\000u\000c\000c\000e\000s\000s\000\040\000C\000r\000i\000t\000e\000r\000i\000a}{section.6.11}% 319
\BOOKMARK [2][-]{subsection.6.11.2}{\376\377\0006\000.\0001\0001\000.\0002\000\040\000B\000i\000l\000l\000\040\000o\000f\000\040\000M\000a\000t\000e\000r\000i\000a\000l\000s\000\040\000S\000u\000m\000m\000a\000r\000y}{section.6.11}% 320
\BOOKMARK [2][-]{subsection.6.11.3}{\376\377\0006\000.\0001\0001\000.\0003\000\040\000C\000o\000m\000p\000a\000r\000a\000t\000i\000v\000e\000\040\000A\000n\000a\000l\000y\000s\000i\000s}{section.6.11}% 321
\BOOKMARK [1][-]{section.6.12}{\376\377\0006\000.\0001\0002\000\040\000D\000i\000s\000c\000u\000s\000s\000i\000o\000n}{chapter.6}% 322
\BOOKMARK [0][]{chapter.7}{\376\377\0007\000\040\000C\000o\000n\000c\000l\000u\000s\000i\000o\000n\000\040\000a\000n\000d\000\040\000F\000u\000t\000u\000r\000e\000\040\000R\000e\000c\000o\000m\000m\000e\000n\000d\000a\000t\000i\000o\000n\000s}{}% 323
\BOOKMARK [1][-]{section.7.1}{\376\377\0007\000.\0001\000\040\000C\000o\000n\000c\000l\000u\000s\000i\000o\000n}{chapter.7}% 324
\BOOKMARK [2][-]{subsection.7.1.1}{\376\377\0007\000.\0001\000.\0001\000\040\000S\000u\000m\000m\000a\000r\000y\000\040\000o\000f\000\040\000A\000c\000h\000i\000e\000v\000e\000m\000e\000n\000t\000s}{section.7.1}% 325
\BOOKMARK [2][-]{subsection.7.1.2}{\376\377\0007\000.\0001\000.\0002\000\040\000C\000o\000n\000t\000r\000i\000b\000u\000t\000i\000o\000n\000s}{section.7.1}% 326
\BOOKMARK [2][-]{subsection.7.1.3}{\376\377\0007\000.\0001\000.\0003\000\040\000P\000r\000o\000j\000e\000c\000t\000\040\000M\000e\000t\000r\000i\000c\000s\000\040\000S\000u\000m\000m\000a\000r\000y}{section.7.1}% 327
\BOOKMARK [1][-]{section.7.2}{\376\377\0007\000.\0002\000\040\000F\000u\000t\000u\000r\000e\000\040\000R\000e\000c\000o\000m\000m\000e\000n\000d\000a\000t\000i\000o\000n\000s}{chapter.7}% 328
\BOOKMARK [2][-]{subsection.7.2.1}{\376\377\0007\000.\0002\000.\0001\000\040\000H\000a\000r\000d\000w\000a\000r\000e\000\040\000I\000m\000p\000r\000o\000v\000e\000m\000e\000n\000t\000s}{section.7.2}% 329
\BOOKMARK [2][-]{subsection.7.2.2}{\376\377\0007\000.\0002\000.\0002\000\040\000S\000o\000f\000t\000w\000a\000r\000e\000\040\000E\000n\000h\000a\000n\000c\000e\000m\000e\000n\000t\000s}{section.7.2}% 330
\BOOKMARK [2][-]{subsection.7.2.3}{\376\377\0007\000.\0002\000.\0003\000\040\000S\000c\000a\000l\000a\000b\000i\000l\000i\000t\000y\000\040\000T\000e\000s\000t\000i\000n\000g}{section.7.2}% 331
\BOOKMARK [2][-]{subsection.7.2.4}{\376\377\0007\000.\0002\000.\0004\000\040\000R\000e\000a\000l\000-\000W\000o\000r\000l\000d\000\040\000D\000e\000p\000l\000o\000y\000m\000e\000n\000t\000\040\000C\000o\000n\000s\000i\000d\000e\000r\000a\000t\000i\000o\000n\000s}{section.7.2}% 332
\BOOKMARK [2][-]{subsection.7.2.5}{\376\377\0007\000.\0002\000.\0005\000\040\000R\000e\000s\000e\000a\000r\000c\000h\000\040\000D\000i\000r\000e\000c\000t\000i\000o\000n\000s}{section.7.2}% 333
\BOOKMARK [0][]{chapter*.268}{\376\377\000R\000e\000f\000e\000r\000e\000n\000c\000e\000s}{}% 334
\BOOKMARK [0][]{appendix.A}{\376\377\000A\000\040\000S\000i\000m\000u\000l\000a\000t\000i\000o\000n\000\040\000W\000o\000r\000l\000d\000\040\000C\000o\000n\000s\000t\000r\000u\000c\000t\000i\000o\000n}{}% 335
\BOOKMARK [0][]{appendix.B}{\376\377\000B\000\040\000R\000o\000b\000o\000t\000\040\000D\000e\000s\000c\000r\000i\000p\000t\000i\000o\000n\000\040\000L\000i\000s\000t\000i\000n\000g}{}% 336
\BOOKMARK [0][]{appendix.C}{\376\377\000C\000\040\000C\000o\000d\000e\000\040\000L\000i\000s\000t\000i\000n\000g\000s}{}% 337
\BOOKMARK [1][-]{section.C.1}{\376\377\000C\000.\0001\000\040\000F\000r\000o\000n\000t\000i\000e\000r\000\040\000E\000x\000p\000l\000o\000r\000a\000t\000i\000o\000n\000\040\000L\000o\000g\000i\000c}{appendix.C}% 338
\BOOKMARK [1][-]{section.C.2}{\376\377\000C\000.\0002\000\040\000N\000a\000v\000i\000g\000a\000t\000i\000o\000n\000\040\000C\000o\000n\000f\000i\000g\000u\000r\000a\000t\000i\000o\000n}{appendix.C}% 339
\BOOKMARK [2][-]{subsection.C.2.1}{\376\377\000C\000.\0002\000.\0001\000\040\000S\000m\000a\000c\000P\000l\000a\000n\000n\000e\000r\000\040\000\050\000A\000*\000\051\000\040\000C\000o\000n\000f\000i\000g\000u\000r\000a\000t\000i\000o\000n}{section.C.2}% 340
\BOOKMARK [2][-]{subsection.C.2.2}{\376\377\000C\000.\0002\000.\0002\000\040\000D\000W\000B\000\040\000L\000o\000c\000a\000l\000\040\000C\000o\000n\000t\000r\000o\000l\000l\000e\000r\000\040\000C\000o\000n\000f\000i\000g\000u\000r\000a\000t\000i\000o\000n}{section.C.2}% 341
\BOOKMARK [1][-]{section.C.3}{\376\377\000C\000.\0003\000\040\000M\000o\000t\000o\000r\000\040\000C\000o\000n\000t\000r\000o\000l\000\040\000F\000i\000r\000m\000w\000a\000r\000e}{appendix.C}% 342
\BOOKMARK [0][]{appendix.D}{\376\377\000D\000\040\000B\000i\000l\000l\000\040\000o\000f\000\040\000M\000a\000t\000e\000r\000i\000a\000l\000s}{}% 343
\BOOKMARK [1][-]{section.D.1}{\376\377\000D\000.\0001\000\040\000S\000t\000r\000u\000c\000t\000u\000r\000a\000l\000\040\000C\000o\000m\000p\000o\000n\000e\000n\000t\000s}{appendix.D}% 344
\BOOKMARK [1][-]{section.D.2}{\376\377\000D\000.\0002\000\040\000M\000e\000c\000h\000a\000n\000i\000c\000a\000l\000\040\000C\000o\000m\000p\000o\000n\000e\000n\000t\000s}{appendix.D}% 345
\BOOKMARK [1][-]{section.D.3}{\376\377\000D\000.\0003\000\040\000E\000l\000e\000c\000t\000r\000i\000c\000a\000l\000\040\000C\000o\000m\000p\000o\000n\000e\000n\000t\000s}{appendix.D}% 346
\BOOKMARK [1][-]{section.D.4}{\376\377\000D\000.\0004\000\040\000C\000o\000m\000p\000u\000t\000e\000\040\000a\000n\000d\000\040\000C\000o\000n\000t\000r\000o\000l}{appendix.D}% 347
\BOOKMARK [1][-]{section.D.5}{\376\377\000D\000.\0005\000\040\000S\000e\000n\000s\000o\000r\000s}{appendix.D}% 348
\BOOKMARK [1][-]{section.D.6}{\376\377\000D\000.\0006\000\040\000C\000o\000s\000t\000\040\000S\000u\000m\000m\000a\000r\000y}{appendix.D}% 349
